<?xml version="1.0" encoding="UTF-8"?>
<robot generator="Robot 7.3.2 (Python 3.14.0 on win32)" generated="2025-12-04T14:42:15.215644" rpa="false" schemaversion="5">
<suite id="s1" name="Test" source="C:\Users\adina\PycharmProjects\software-testing-assignment-2-v2\testCases\test.robot">
<test id="s1-t1" name="Sign Up Test" line="6">
<kw name="Sign Up" owner="resources">
<kw name="Open Browser" owner="SeleniumLibrary">
<msg time="2025-12-04T14:42:15.583581" level="INFO">Opening browser 'chrome' to base url 'https://petstore.octoperf.com/actions/Catalog.action'.</msg>
<arg>${baseUrl}</arg>
<arg>chrome</arg>
<doc>Opens a new browser instance to the optional ``url``.</doc>
<status status="PASS" start="2025-12-04T14:42:15.583163" elapsed="81.649486"/>
</kw>
<kw name="Maximize Browser Window" owner="SeleniumLibrary">
<doc>Maximizes current browser window.</doc>
<status status="PASS" start="2025-12-04T14:43:37.234486" elapsed="0.117384"/>
</kw>
<kw name="Click Element" owner="SeleniumLibrary">
<msg time="2025-12-04T14:43:37.354037" level="INFO">Clicking element 'xpath=//a[text()='Sign In']'.</msg>
<arg>${SignInButton}</arg>
<doc>Click the element identified by ``locator``.</doc>
<status status="PASS" start="2025-12-04T14:43:37.352709" elapsed="0.437277"/>
</kw>
<kw name="Click Element" owner="SeleniumLibrary">
<msg time="2025-12-04T14:43:37.794951" level="INFO">Clicking element 'xpath=//a[text()='Register Now!']'.</msg>
<arg>${RegisterNow}</arg>
<doc>Click the element identified by ``locator``.</doc>
<status status="PASS" start="2025-12-04T14:43:37.790650" elapsed="0.423880"/>
</kw>
<kw name="Input Text" owner="SeleniumLibrary">
<msg time="2025-12-04T14:43:38.216314" level="INFO">Typing text 'adina_test' into text field 'name=username'.</msg>
<arg>${UserID}</arg>
<arg>${username}</arg>
<doc>Types the given ``text`` into the text field identified by ``locator``.</doc>
<status status="PASS" start="2025-12-04T14:43:38.215238" elapsed="0.287096"/>
</kw>
<kw name="Input Text" owner="SeleniumLibrary">
<msg time="2025-12-04T14:43:38.505044" level="INFO">Typing text '123456' into text field 'name=password'.</msg>
<arg>${NewPassword}</arg>
<arg>${password}</arg>
<doc>Types the given ``text`` into the text field identified by ``locator``.</doc>
<status status="PASS" start="2025-12-04T14:43:38.503482" elapsed="0.275570"/>
</kw>
<kw name="Input Text" owner="SeleniumLibrary">
<msg time="2025-12-04T14:43:38.780338" level="INFO">Typing text '123456' into text field 'name=repeatedPassword'.</msg>
<arg>${RepeatPassword}</arg>
<arg>${password}</arg>
<doc>Types the given ``text`` into the text field identified by ``locator``.</doc>
<status status="PASS" start="2025-12-04T14:43:38.779557" elapsed="0.256116"/>
</kw>
<kw name="Input Text" owner="SeleniumLibrary">
<msg time="2025-12-04T14:43:39.036889" level="INFO">Typing text 'name=account.firstName' into text field 'name=account.firstName'.</msg>
<arg>${FirstName}</arg>
<arg>${firstName}</arg>
<doc>Types the given ``text`` into the text field identified by ``locator``.</doc>
<status status="PASS" start="2025-12-04T14:43:39.036168" elapsed="0.369491"/>
</kw>
<kw name="Input Text" owner="SeleniumLibrary">
<msg time="2025-12-04T14:43:39.407062" level="INFO">Typing text 'name=account.lastName' into text field 'name=account.lastName'.</msg>
<arg>${LastName}</arg>
<arg>${lastName}</arg>
<doc>Types the given ``text`` into the text field identified by ``locator``.</doc>
<status status="PASS" start="2025-12-04T14:43:39.406221" elapsed="0.378169"/>
</kw>
<kw name="Input Text" owner="SeleniumLibrary">
<msg time="2025-12-04T14:43:39.785685" level="INFO">Typing text 'name=account.email' into text field 'name=account.email'.</msg>
<arg>${Email}</arg>
<arg>${email}</arg>
<doc>Types the given ``text`` into the text field identified by ``locator``.</doc>
<status status="PASS" start="2025-12-04T14:43:39.784871" elapsed="0.303059"/>
</kw>
<kw name="Input Text" owner="SeleniumLibrary">
<msg time="2025-12-04T14:43:40.089799" level="INFO">Typing text 'name=account.phone' into text field 'name=account.phone'.</msg>
<arg>${Phone}</arg>
<arg>${phone}</arg>
<doc>Types the given ``text`` into the text field identified by ``locator``.</doc>
<status status="PASS" start="2025-12-04T14:43:40.088660" elapsed="0.325074"/>
</kw>
<kw name="Input Text" owner="SeleniumLibrary">
<msg time="2025-12-04T14:43:40.414929" level="INFO">Typing text 'Astana st 12' into text field 'name=account.address1'.</msg>
<arg>${Address1}</arg>
<arg>${address}</arg>
<doc>Types the given ``text`` into the text field identified by ``locator``.</doc>
<status status="PASS" start="2025-12-04T14:43:40.414217" elapsed="0.286190"/>
</kw>
<kw name="Input Text" owner="SeleniumLibrary">
<msg time="2025-12-04T14:43:40.701677" level="INFO">Typing text 'name=account.city' into text field 'name=account.city'.</msg>
<arg>${City}</arg>
<arg>${city}</arg>
<doc>Types the given ``text`` into the text field identified by ``locator``.</doc>
<status status="PASS" start="2025-12-04T14:43:40.700932" elapsed="0.317688"/>
</kw>
<kw name="Input Text" owner="SeleniumLibrary">
<msg time="2025-12-04T14:43:41.020215" level="INFO">Typing text 'name=account.state' into text field 'name=account.state'.</msg>
<arg>${State}</arg>
<arg>${state}</arg>
<doc>Types the given ``text`` into the text field identified by ``locator``.</doc>
<status status="PASS" start="2025-12-04T14:43:41.019295" elapsed="0.292737"/>
</kw>
<kw name="Input Text" owner="SeleniumLibrary">
<msg time="2025-12-04T14:43:41.313202" level="INFO">Typing text 'name=account.zip' into text field 'name=account.zip'.</msg>
<arg>${Zip}</arg>
<arg>${zip}</arg>
<doc>Types the given ``text`` into the text field identified by ``locator``.</doc>
<status status="PASS" start="2025-12-04T14:43:41.312496" elapsed="0.344755"/>
</kw>
<kw name="Input Text" owner="SeleniumLibrary">
<msg time="2025-12-04T14:43:41.658811" level="INFO">Typing text 'name=account.country' into text field 'name=account.country'.</msg>
<arg>${Country}</arg>
<arg>${country}</arg>
<doc>Types the given ``text`` into the text field identified by ``locator``.</doc>
<status status="PASS" start="2025-12-04T14:43:41.657893" elapsed="0.280305"/>
</kw>
<kw name="Click Button" owner="SeleniumLibrary">
<msg time="2025-12-04T14:43:41.939876" level="INFO">Clicking button 'name=newAccount'.</msg>
<arg>${SaveAccountButton}</arg>
<doc>Clicks the button identified by ``locator``.</doc>
<status status="PASS" start="2025-12-04T14:43:41.938916" elapsed="0.508138"/>
</kw>
<kw name="Sleep" owner="BuiltIn">
<msg time="2025-12-04T14:43:44.471232" level="INFO">Slept 2 seconds.</msg>
<arg>2s</arg>
<doc>Pauses the test executed for the given time.</doc>
<status status="PASS" start="2025-12-04T14:43:42.449111" elapsed="2.022567"/>
</kw>
<kw name="Close Browser" owner="SeleniumLibrary">
<doc>Closes the current browser.</doc>
<status status="PASS" start="2025-12-04T14:43:44.473805" elapsed="2.305951"/>
</kw>
<status status="PASS" start="2025-12-04T14:42:15.581848" elapsed="91.198548"/>
</kw>
<status status="PASS" start="2025-12-04T14:42:15.580435" elapsed="91.200984"/>
</test>
<test id="s1-t2" name="Log In Test" line="9">
<kw name="Log In" owner="resources">
<kw name="Open Browser" owner="SeleniumLibrary">
<msg time="2025-12-04T14:43:46.814380" level="INFO">Opening browser 'chrome' to base url 'https://petstore.octoperf.com/actions/Catalog.action'.</msg>
<arg>${baseUrl}</arg>
<arg>chrome</arg>
<doc>Opens a new browser instance to the optional ``url``.</doc>
<status status="PASS" start="2025-12-04T14:43:46.813700" elapsed="5.773103"/>
</kw>
<kw name="Click Element" owner="SeleniumLibrary">
<msg time="2025-12-04T14:43:52.588576" level="INFO">Clicking element 'xpath=//a[text()='Sign In']'.</msg>
<arg>${SignInButton}</arg>
<doc>Click the element identified by ``locator``.</doc>
<status status="PASS" start="2025-12-04T14:43:52.587580" elapsed="0.477321"/>
</kw>
<kw name="Input Text" owner="SeleniumLibrary">
<msg time="2025-12-04T14:43:53.066610" level="INFO">Typing text 'adina_test' into text field 'name=username'.</msg>
<arg>${LoginUser}</arg>
<arg>${username}</arg>
<doc>Types the given ``text`` into the text field identified by ``locator``.</doc>
<status status="PASS" start="2025-12-04T14:43:53.065614" elapsed="0.300999"/>
</kw>
<kw name="Input Password" owner="SeleniumLibrary">
<msg time="2025-12-04T14:43:53.368281" level="INFO">Typing password into text field 'name=password'.</msg>
<msg time="2025-12-04T14:43:53.476061" level="INFO">Temporally setting log level to: NONE</msg>
<arg>${LoginPassword}</arg>
<arg>${password}</arg>
<doc>Types the given password into the text field identified by ``locator``.</doc>
<status status="PASS" start="2025-12-04T14:43:53.367296" elapsed="0.280234"/>
</kw>
<kw name="Click Button" owner="SeleniumLibrary">
<msg time="2025-12-04T14:43:53.649248" level="INFO">Clicking button 'name=signon'.</msg>
<arg>${LoginButton}</arg>
<doc>Clicks the button identified by ``locator``.</doc>
<status status="PASS" start="2025-12-04T14:43:53.648252" elapsed="0.540524"/>
</kw>
<kw name="Sleep" owner="BuiltIn">
<msg time="2025-12-04T14:43:56.191181" level="INFO">Slept 2 seconds.</msg>
<arg>2s</arg>
<doc>Pauses the test executed for the given time.</doc>
<status status="PASS" start="2025-12-04T14:43:54.189876" elapsed="2.001743"/>
</kw>
<status status="PASS" start="2025-12-04T14:43:46.812210" elapsed="9.379855"/>
</kw>
<status status="PASS" start="2025-12-04T14:43:46.783025" elapsed="9.410096"/>
</test>
<test id="s1-t3" name="Buy Product Test" line="12">
<kw name="Log In" owner="resources">
<kw name="Open Browser" owner="SeleniumLibrary">
<msg time="2025-12-04T14:43:56.231583" level="INFO">Opening browser 'chrome' to base url 'https://petstore.octoperf.com/actions/Catalog.action'.</msg>
<arg>${baseUrl}</arg>
<arg>chrome</arg>
<doc>Opens a new browser instance to the optional ``url``.</doc>
<status status="PASS" start="2025-12-04T14:43:56.230513" elapsed="4.842486"/>
</kw>
<kw name="Click Element" owner="SeleniumLibrary">
<msg time="2025-12-04T14:44:01.074648" level="INFO">Clicking element 'xpath=//a[text()='Sign In']'.</msg>
<arg>${SignInButton}</arg>
<doc>Click the element identified by ``locator``.</doc>
<status status="PASS" start="2025-12-04T14:44:01.073697" elapsed="1.593361"/>
</kw>
<kw name="Input Text" owner="SeleniumLibrary">
<msg time="2025-12-04T14:44:02.670839" level="INFO">Typing text 'adina_test' into text field 'name=username'.</msg>
<arg>${LoginUser}</arg>
<arg>${username}</arg>
<doc>Types the given ``text`` into the text field identified by ``locator``.</doc>
<status status="PASS" start="2025-12-04T14:44:02.668903" elapsed="0.290193"/>
</kw>
<kw name="Input Password" owner="SeleniumLibrary">
<msg time="2025-12-04T14:44:02.960999" level="INFO">Typing password into text field 'name=password'.</msg>
<msg time="2025-12-04T14:44:03.069972" level="INFO">Temporally setting log level to: NONE</msg>
<arg>${LoginPassword}</arg>
<arg>${password}</arg>
<doc>Types the given password into the text field identified by ``locator``.</doc>
<status status="PASS" start="2025-12-04T14:44:02.959884" elapsed="0.252575"/>
</kw>
<kw name="Click Button" owner="SeleniumLibrary">
<msg time="2025-12-04T14:44:03.213824" level="INFO">Clicking button 'name=signon'.</msg>
<arg>${LoginButton}</arg>
<doc>Clicks the button identified by ``locator``.</doc>
<status status="PASS" start="2025-12-04T14:44:03.213076" elapsed="0.421746"/>
</kw>
<kw name="Sleep" owner="BuiltIn">
<msg time="2025-12-04T14:44:05.636596" level="INFO">Slept 2 seconds.</msg>
<arg>2s</arg>
<doc>Pauses the test executed for the given time.</doc>
<status status="PASS" start="2025-12-04T14:44:03.635526" elapsed="2.001489"/>
</kw>
<status status="PASS" start="2025-12-04T14:43:56.228204" elapsed="9.409203"/>
</kw>
<kw name="Buy Product" owner="resources">
<kw name="Click Element" owner="SeleniumLibrary">
<msg time="2025-12-04T14:44:05.639935" level="INFO">Clicking element 'xpath=//area[@alt='Fish']'.</msg>
<arg>${FishCategory}</arg>
<doc>Click the element identified by ``locator``.</doc>
<status status="PASS" start="2025-12-04T14:44:05.639316" elapsed="0.474327"/>
</kw>
<kw name="Click Element" owner="SeleniumLibrary">
<msg time="2025-12-04T14:44:06.115217" level="INFO">Clicking element 'xpath=//a[text()='FI-SW-01']'.</msg>
<arg>xpath=//a[text()='FI-SW-01']</arg>
<doc>Click the element identified by ``locator``.</doc>
<status status="PASS" start="2025-12-04T14:44:06.114370" elapsed="0.452338"/>
</kw>
<kw name="Click Element" owner="SeleniumLibrary">
<msg time="2025-12-04T14:44:06.568549" level="INFO">Clicking element 'xpath=//a[contains(text(), 'Add to Cart')]'.</msg>
<arg>${AddToCartButton}</arg>
<doc>Click the element identified by ``locator``.</doc>
<status status="PASS" start="2025-12-04T14:44:06.567567" elapsed="0.435602"/>
</kw>
<kw name="Click Element" owner="SeleniumLibrary">
<msg time="2025-12-04T14:44:07.004873" level="INFO">Clicking element 'xpath=//a[text()='Proceed to Checkout']'.</msg>
<arg>${ProceedToCheckout}</arg>
<doc>Click the element identified by ``locator``.</doc>
<status status="PASS" start="2025-12-04T14:44:07.003865" elapsed="0.439414"/>
</kw>
<kw name="Click Button" owner="SeleniumLibrary">
<msg time="2025-12-04T14:44:07.445069" level="INFO">Clicking button 'name=newOrder'.</msg>
<arg>${ConfirmButton}</arg>
<doc>Clicks the button identified by ``locator``.</doc>
<status status="PASS" start="2025-12-04T14:44:07.443959" elapsed="0.391093"/>
</kw>
<kw name="Sleep" owner="BuiltIn">
<msg time="2025-12-04T14:44:09.836684" level="INFO">Slept 2 seconds.</msg>
<arg>2s</arg>
<doc>Pauses the test executed for the given time.</doc>
<status status="PASS" start="2025-12-04T14:44:07.835592" elapsed="2.001409"/>
</kw>
<status status="PASS" start="2025-12-04T14:44:05.638523" elapsed="4.198767"/>
</kw>
<status status="PASS" start="2025-12-04T14:43:56.197353" elapsed="13.640887"/>
</test>
<test id="s1-t4" name="Log Out Test" line="16">
<kw name="Log In" owner="resources">
<kw name="Open Browser" owner="SeleniumLibrary">
<msg time="2025-12-04T14:44:09.843910" level="INFO">Opening browser 'chrome' to base url 'https://petstore.octoperf.com/actions/Catalog.action'.</msg>
<arg>${baseUrl}</arg>
<arg>chrome</arg>
<doc>Opens a new browser instance to the optional ``url``.</doc>
<status status="PASS" start="2025-12-04T14:44:09.843080" elapsed="5.763302"/>
</kw>
<kw name="Click Element" owner="SeleniumLibrary">
<msg time="2025-12-04T14:44:15.608122" level="INFO">Clicking element 'xpath=//a[text()='Sign In']'.</msg>
<arg>${SignInButton}</arg>
<doc>Click the element identified by ``locator``.</doc>
<status status="PASS" start="2025-12-04T14:44:15.607114" elapsed="0.468244"/>
</kw>
<kw name="Input Text" owner="SeleniumLibrary">
<msg time="2025-12-04T14:44:16.077498" level="INFO">Typing text 'adina_test' into text field 'name=username'.</msg>
<arg>${LoginUser}</arg>
<arg>${username}</arg>
<doc>Types the given ``text`` into the text field identified by ``locator``.</doc>
<status status="PASS" start="2025-12-04T14:44:16.076087" elapsed="0.295797"/>
</kw>
<kw name="Input Password" owner="SeleniumLibrary">
<msg time="2025-12-04T14:44:16.373763" level="INFO">Typing password into text field 'name=password'.</msg>
<msg time="2025-12-04T14:44:16.488956" level="INFO">Temporally setting log level to: NONE</msg>
<arg>${LoginPassword}</arg>
<arg>${password}</arg>
<doc>Types the given password into the text field identified by ``locator``.</doc>
<status status="PASS" start="2025-12-04T14:44:16.372569" elapsed="0.265102"/>
</kw>
<kw name="Click Button" owner="SeleniumLibrary">
<msg time="2025-12-04T14:44:16.638846" level="INFO">Clicking button 'name=signon'.</msg>
<arg>${LoginButton}</arg>
<doc>Clicks the button identified by ``locator``.</doc>
<status status="PASS" start="2025-12-04T14:44:16.638231" elapsed="0.497065"/>
</kw>
<kw name="Sleep" owner="BuiltIn">
<msg time="2025-12-04T14:44:19.137124" level="INFO">Slept 2 seconds.</msg>
<arg>2s</arg>
<doc>Pauses the test executed for the given time.</doc>
<status status="PASS" start="2025-12-04T14:44:17.135950" elapsed="2.001564"/>
</kw>
<status status="PASS" start="2025-12-04T14:44:09.841863" elapsed="9.296038"/>
</kw>
<kw name="Log Out" owner="resources">
<kw name="Click Element" owner="SeleniumLibrary">
<msg time="2025-12-04T14:44:19.140795" level="INFO">Clicking element 'xpath=//a[text()='Sign Out']'.</msg>
<arg>${LogOutButton}</arg>
<doc>Click the element identified by ``locator``.</doc>
<status status="PASS" start="2025-12-04T14:44:19.140085" elapsed="0.556084"/>
</kw>
<kw name="Sleep" owner="BuiltIn">
<msg time="2025-12-04T14:44:21.698004" level="INFO">Slept 2 seconds.</msg>
<arg>2s</arg>
<doc>Pauses the test executed for the given time.</doc>
<status status="PASS" start="2025-12-04T14:44:19.696870" elapsed="2.002351"/>
</kw>
<kw name="Close Browser" owner="SeleniumLibrary">
<doc>Closes the current browser.</doc>
<status status="PASS" start="2025-12-04T14:44:21.700241" elapsed="2.469352"/>
</kw>
<status status="PASS" start="2025-12-04T14:44:19.138957" elapsed="5.030938"/>
</kw>
<status status="PASS" start="2025-12-04T14:44:09.840061" elapsed="14.330717"/>
</test>
<status status="PASS" start="2025-12-04T14:42:15.218221" elapsed="128.954817"/>
</suite>
<statistics>
<total>
<stat pass="4" fail="0" skip="0">All Tests</stat>
</total>
<tag>
</tag>
<suite>
<stat name="Test" id="s1" pass="4" fail="0" skip="0">Test</stat>
</suite>
</statistics>
<errors>
</errors>
</robot>
