<?xml version="1.0" encoding="UTF-8"?>
<robot generator="Robot 7.3.2 (Python 3.14.0 on win32)" generated="2025-12-04T19:13:04.991716" rpa="false" schemaversion="5">
<suite id="s1" name="Test" source="C:\Users\adina\PycharmProjects\software-testing-assignment-2-v2\testCases\test.robot">
<test id="s1-t1" name="ALL_TESTS" line="8">
<for flavor="IN">
<iter>
<kw name="Set Suite Variable" owner="BuiltIn">
<msg time="2025-12-04T19:13:07.212472" level="INFO">${BROWSER} = Chrome</msg>
<arg>${BROWSER}</arg>
<arg>${browser}</arg>
<doc>Makes a variable available everywhere within the scope of the current suite.</doc>
<status status="PASS" start="2025-12-04T19:13:07.211038" elapsed="0.001897"/>
</kw>
<kw name="Log To Console" owner="BuiltIn">
<arg>Running in ${BROWSER}</arg>
<doc>Logs the given message to the console.</doc>
<status status="PASS" start="2025-12-04T19:13:07.213780" elapsed="0.001258"/>
</kw>
<kw name="Sign Up Test" owner="resources">
<kw name="Sign Up" owner="resources">
<kw name="OpenBrowserStackBrowser" owner="resources">
<kw name="Create Dictionary" owner="BuiltIn">
<msg time="2025-12-04T19:13:07.225008" level="INFO">&amp;{capabilities} = { browserName=Chrome | browserVersion=latest | os=Windows | osVersion=11 | name=RobotFrameworkTests (Chrome) }</msg>
<var>&amp;{capabilities}</var>
<arg>browserName=${browser}</arg>
<arg>browserVersion=latest</arg>
<arg>os=Windows</arg>
<arg>osVersion=11</arg>
<arg>name=RobotFrameworkTests (${browser})</arg>
<doc>Creates and returns a dictionary based on the given ``items``.</doc>
<status status="PASS" start="2025-12-04T19:13:07.221834" elapsed="0.003425"/>
</kw>
<kw name="Open Browser" owner="SeleniumLibrary">
<msg time="2025-12-04T19:13:07.227883" level="WARN">desired_capabilities has been deprecated and removed. Please use options to configure browsers as per documentation.</msg>
<msg time="2025-12-04T19:13:07.228992" level="INFO">Opening browser 'firefox' to base url 'about:blank' through remote server at 'https://bsuser_49HML6:pV7uy4M3hwKZX6ksKvJt@hub-cloud.browserstack.com/wd/hub'.</msg>
<msg time="2025-12-04T19:13:44.811601" level="INFO">C:\Users\adina\PycharmProjects\assignment2\.venv\Lib\site-packages\selenium\webdriver\remote\remote_connection.py:419: UserWarning: Embedding username and password in URL could be insecure, use ClientConfig instead
  headers = self.get_remote_connection_headers(parsed_url, self._client_config.keep_alive)</msg>
<arg>about:blank</arg>
<arg>remote_url=${REMOTE_URL}</arg>
<arg>desired_capabilities=${capabilities}</arg>
<doc>Opens a new browser instance to the optional ``url``.</doc>
<status status="PASS" start="2025-12-04T19:13:07.226376" elapsed="37.587613"/>
</kw>
<kw name="Maximize Browser Window" owner="SeleniumLibrary">
<doc>Maximizes current browser window.</doc>
<status status="PASS" start="2025-12-04T19:13:44.814701" elapsed="0.684558"/>
</kw>
<arg>${BROWSER}</arg>
<status status="PASS" start="2025-12-04T19:13:07.220418" elapsed="38.279102"/>
</kw>
<kw name="Go To" owner="SeleniumLibrary">
<msg time="2025-12-04T19:13:45.500163" level="INFO">Opening url 'https://petstore.octoperf.com/actions/Catalog.action'</msg>
<arg>${baseUrl}</arg>
<doc>Navigates the current browser window to the provided ``url``.</doc>
<status status="PASS" start="2025-12-04T19:13:45.499844" elapsed="1.532110"/>
</kw>
<kw name="Maximize Browser Window" owner="SeleniumLibrary">
<doc>Maximizes current browser window.</doc>
<status status="PASS" start="2025-12-04T19:13:47.032587" elapsed="0.323949"/>
</kw>
<kw name="Click Element" owner="SeleniumLibrary">
<msg time="2025-12-04T19:13:47.358781" level="INFO">Clicking element 'xpath=//a[text()='Sign In']'.</msg>
<arg>${SignInButton}</arg>
<doc>Click the element identified by ``locator``.</doc>
<status status="PASS" start="2025-12-04T19:13:47.357048" elapsed="0.853982"/>
</kw>
<kw name="Click Element" owner="SeleniumLibrary">
<msg time="2025-12-04T19:13:48.212206" level="INFO">Clicking element 'xpath=//a[text()='Register Now!']'.</msg>
<arg>${RegisterNow}</arg>
<doc>Click the element identified by ``locator``.</doc>
<status status="PASS" start="2025-12-04T19:13:48.211529" elapsed="0.762326"/>
</kw>
<kw name="Input Text" owner="SeleniumLibrary">
<msg time="2025-12-04T19:13:48.974792" level="INFO">Typing text 'adina_test' into text field 'name=username'.</msg>
<arg>${UserID}</arg>
<arg>${username}</arg>
<doc>Types the given ``text`` into the text field identified by ``locator``.</doc>
<status status="PASS" start="2025-12-04T19:13:48.974236" elapsed="0.806085"/>
</kw>
<kw name="Input Text" owner="SeleniumLibrary">
<msg time="2025-12-04T19:13:49.781529" level="INFO">Typing text '123456' into text field 'name=password'.</msg>
<arg>${NewPassword}</arg>
<arg>${password}</arg>
<doc>Types the given ``text`` into the text field identified by ``locator``.</doc>
<status status="PASS" start="2025-12-04T19:13:49.780795" elapsed="0.766152"/>
</kw>
<kw name="Input Text" owner="SeleniumLibrary">
<msg time="2025-12-04T19:13:50.548280" level="INFO">Typing text '123456' into text field 'name=repeatedPassword'.</msg>
<arg>${RepeatPassword}</arg>
<arg>${password}</arg>
<doc>Types the given ``text`` into the text field identified by ``locator``.</doc>
<status status="PASS" start="2025-12-04T19:13:50.547496" elapsed="0.791758"/>
</kw>
<kw name="Input Text" owner="SeleniumLibrary">
<msg time="2025-12-04T19:13:51.340532" level="INFO">Typing text 'name=account.firstName' into text field 'name=account.firstName'.</msg>
<arg>${FirstName}</arg>
<arg>${firstName}</arg>
<doc>Types the given ``text`` into the text field identified by ``locator``.</doc>
<status status="PASS" start="2025-12-04T19:13:51.339739" elapsed="0.786945"/>
</kw>
<kw name="Input Text" owner="SeleniumLibrary">
<msg time="2025-12-04T19:13:52.128868" level="INFO">Typing text 'name=account.lastName' into text field 'name=account.lastName'.</msg>
<arg>${LastName}</arg>
<arg>${lastName}</arg>
<doc>Types the given ``text`` into the text field identified by ``locator``.</doc>
<status status="PASS" start="2025-12-04T19:13:52.127545" elapsed="0.782693"/>
</kw>
<kw name="Input Text" owner="SeleniumLibrary">
<msg time="2025-12-04T19:13:52.911503" level="INFO">Typing text 'name=account.email' into text field 'name=account.email'.</msg>
<arg>${Email}</arg>
<arg>${email}</arg>
<doc>Types the given ``text`` into the text field identified by ``locator``.</doc>
<status status="PASS" start="2025-12-04T19:13:52.910767" elapsed="0.788159"/>
</kw>
<kw name="Input Text" owner="SeleniumLibrary">
<msg time="2025-12-04T19:13:53.700587" level="INFO">Typing text 'name=account.phone' into text field 'name=account.phone'.</msg>
<arg>${Phone}</arg>
<arg>${phone}</arg>
<doc>Types the given ``text`` into the text field identified by ``locator``.</doc>
<status status="PASS" start="2025-12-04T19:13:53.699643" elapsed="0.757091"/>
</kw>
<kw name="Input Text" owner="SeleniumLibrary">
<msg time="2025-12-04T19:13:54.458014" level="INFO">Typing text 'Astana st 12' into text field 'name=account.address1'.</msg>
<arg>${Address1}</arg>
<arg>${address}</arg>
<doc>Types the given ``text`` into the text field identified by ``locator``.</doc>
<status status="PASS" start="2025-12-04T19:13:54.457254" elapsed="0.764300"/>
</kw>
<kw name="Input Text" owner="SeleniumLibrary">
<msg time="2025-12-04T19:13:55.222859" level="INFO">Typing text 'name=account.city' into text field 'name=account.city'.</msg>
<arg>${City}</arg>
<arg>${city}</arg>
<doc>Types the given ``text`` into the text field identified by ``locator``.</doc>
<status status="PASS" start="2025-12-04T19:13:55.222064" elapsed="0.789771"/>
</kw>
<kw name="Input Text" owner="SeleniumLibrary">
<msg time="2025-12-04T19:13:56.013067" level="INFO">Typing text 'name=account.state' into text field 'name=account.state'.</msg>
<arg>${State}</arg>
<arg>${state}</arg>
<doc>Types the given ``text`` into the text field identified by ``locator``.</doc>
<status status="PASS" start="2025-12-04T19:13:56.012335" elapsed="0.767313"/>
</kw>
<kw name="Input Text" owner="SeleniumLibrary">
<msg time="2025-12-04T19:13:56.781639" level="INFO">Typing text 'name=account.zip' into text field 'name=account.zip'.</msg>
<arg>${Zip}</arg>
<arg>${zip}</arg>
<doc>Types the given ``text`` into the text field identified by ``locator``.</doc>
<status status="PASS" start="2025-12-04T19:13:56.780483" elapsed="0.771136"/>
</kw>
<kw name="Input Text" owner="SeleniumLibrary">
<msg time="2025-12-04T19:13:57.553447" level="INFO">Typing text 'name=account.country' into text field 'name=account.country'.</msg>
<arg>${Country}</arg>
<arg>${country}</arg>
<doc>Types the given ``text`` into the text field identified by ``locator``.</doc>
<status status="PASS" start="2025-12-04T19:13:57.552390" elapsed="0.792275"/>
</kw>
<kw name="Click Button" owner="SeleniumLibrary">
<msg time="2025-12-04T19:13:58.345876" level="INFO">Clicking button 'name=newAccount'.</msg>
<arg>${SaveAccountButton}</arg>
<doc>Clicks the button identified by ``locator``.</doc>
<status status="PASS" start="2025-12-04T19:13:58.345232" elapsed="1.137328"/>
</kw>
<kw name="Sleep" owner="BuiltIn">
<msg time="2025-12-04T19:14:01.488984" level="INFO">Slept 2 seconds.</msg>
<arg>2s</arg>
<doc>Pauses the test executed for the given time.</doc>
<status status="PASS" start="2025-12-04T19:13:59.483387" elapsed="2.006039"/>
</kw>
<kw name="Close Browser" owner="SeleniumLibrary">
<doc>Closes the current browser.</doc>
<status status="PASS" start="2025-12-04T19:14:01.490699" elapsed="1.752756"/>
</kw>
<status status="PASS" start="2025-12-04T19:13:07.218999" elapsed="56.024849"/>
</kw>
<status status="PASS" start="2025-12-04T19:13:07.216021" elapsed="56.028015"/>
</kw>
<kw name="Log In Test" owner="resources">
<kw name="Log In" owner="resources">
<kw name="OpenBrowserStackBrowser" owner="resources">
<kw name="Create Dictionary" owner="BuiltIn">
<msg time="2025-12-04T19:14:03.249932" level="INFO">&amp;{capabilities} = { browserName=Chrome | browserVersion=latest | os=Windows | osVersion=11 | name=RobotFrameworkTests (Chrome) }</msg>
<var>&amp;{capabilities}</var>
<arg>browserName=${browser}</arg>
<arg>browserVersion=latest</arg>
<arg>os=Windows</arg>
<arg>osVersion=11</arg>
<arg>name=RobotFrameworkTests (${browser})</arg>
<doc>Creates and returns a dictionary based on the given ``items``.</doc>
<status status="PASS" start="2025-12-04T19:14:03.248530" elapsed="0.001536"/>
</kw>
<kw name="Open Browser" owner="SeleniumLibrary">
<msg time="2025-12-04T19:14:03.251459" level="WARN">desired_capabilities has been deprecated and removed. Please use options to configure browsers as per documentation.</msg>
<msg time="2025-12-04T19:14:03.252412" level="INFO">Opening browser 'firefox' to base url 'about:blank' through remote server at 'https://bsuser_49HML6:pV7uy4M3hwKZX6ksKvJt@hub-cloud.browserstack.com/wd/hub'.</msg>
<arg>about:blank</arg>
<arg>remote_url=${REMOTE_URL}</arg>
<arg>desired_capabilities=${capabilities}</arg>
<doc>Opens a new browser instance to the optional ``url``.</doc>
<status status="PASS" start="2025-12-04T19:14:03.250605" elapsed="17.195331"/>
</kw>
<kw name="Maximize Browser Window" owner="SeleniumLibrary">
<doc>Maximizes current browser window.</doc>
<status status="PASS" start="2025-12-04T19:14:20.446605" elapsed="0.499581"/>
</kw>
<arg>${BROWSER}</arg>
<status status="PASS" start="2025-12-04T19:14:03.247230" elapsed="17.699446"/>
</kw>
<kw name="Go To" owner="SeleniumLibrary">
<msg time="2025-12-04T19:14:20.947963" level="INFO">Opening url 'https://petstore.octoperf.com/actions/Catalog.action'</msg>
<arg>${baseUrl}</arg>
<doc>Navigates the current browser window to the provided ``url``.</doc>
<status status="PASS" start="2025-12-04T19:14:20.947260" elapsed="1.567668"/>
</kw>
<kw name="Click Element" owner="SeleniumLibrary">
<msg time="2025-12-04T19:14:22.516740" level="INFO">Clicking element 'xpath=//a[text()='Sign In']'.</msg>
<arg>${SignInButton}</arg>
<doc>Click the element identified by ``locator``.</doc>
<status status="PASS" start="2025-12-04T19:14:22.515655" elapsed="0.829541"/>
</kw>
<kw name="Input Text" owner="SeleniumLibrary">
<msg time="2025-12-04T19:14:23.346928" level="INFO">Typing text 'adina_test' into text field 'name=username'.</msg>
<arg>${LoginUser}</arg>
<arg>${username}</arg>
<doc>Types the given ``text`` into the text field identified by ``locator``.</doc>
<status status="PASS" start="2025-12-04T19:14:23.345923" elapsed="0.785747"/>
</kw>
<kw name="Input Password" owner="SeleniumLibrary">
<msg time="2025-12-04T19:14:24.134063" level="INFO">Typing password into text field 'name=password'.</msg>
<msg time="2025-12-04T19:14:24.653113" level="INFO">Temporally setting log level to: NONE</msg>
<arg>${LoginPassword}</arg>
<arg>${password}</arg>
<doc>Types the given password into the text field identified by ``locator``.</doc>
<status status="PASS" start="2025-12-04T19:14:24.132782" elapsed="0.775961"/>
</kw>
<kw name="Click Button" owner="SeleniumLibrary">
<msg time="2025-12-04T19:14:24.910430" level="INFO">Clicking button 'name=signon'.</msg>
<arg>${LoginButton}</arg>
<doc>Clicks the button identified by ``locator``.</doc>
<status status="PASS" start="2025-12-04T19:14:24.909609" elapsed="1.142473"/>
</kw>
<kw name="Sleep" owner="BuiltIn">
<msg time="2025-12-04T19:14:28.054256" level="INFO">Slept 2 seconds.</msg>
<arg>2s</arg>
<doc>Pauses the test executed for the given time.</doc>
<status status="PASS" start="2025-12-04T19:14:26.052763" elapsed="2.003615"/>
</kw>
<status status="PASS" start="2025-12-04T19:14:03.245390" elapsed="24.811350"/>
</kw>
<status status="PASS" start="2025-12-04T19:14:03.244513" elapsed="24.812416"/>
</kw>
<kw name="Buy Product Test" owner="resources">
<kw name="Log In" owner="resources">
<kw name="OpenBrowserStackBrowser" owner="resources">
<kw name="Create Dictionary" owner="BuiltIn">
<msg time="2025-12-04T19:14:28.064173" level="INFO">&amp;{capabilities} = { browserName=Chrome | browserVersion=latest | os=Windows | osVersion=11 | name=RobotFrameworkTests (Chrome) }</msg>
<var>&amp;{capabilities}</var>
<arg>browserName=${browser}</arg>
<arg>browserVersion=latest</arg>
<arg>os=Windows</arg>
<arg>osVersion=11</arg>
<arg>name=RobotFrameworkTests (${browser})</arg>
<doc>Creates and returns a dictionary based on the given ``items``.</doc>
<status status="PASS" start="2025-12-04T19:14:28.062928" elapsed="0.001396"/>
</kw>
<kw name="Open Browser" owner="SeleniumLibrary">
<msg time="2025-12-04T19:14:28.066153" level="WARN">desired_capabilities has been deprecated and removed. Please use options to configure browsers as per documentation.</msg>
<msg time="2025-12-04T19:14:28.067488" level="INFO">Opening browser 'firefox' to base url 'about:blank' through remote server at 'https://bsuser_49HML6:pV7uy4M3hwKZX6ksKvJt@hub-cloud.browserstack.com/wd/hub'.</msg>
<arg>about:blank</arg>
<arg>remote_url=${REMOTE_URL}</arg>
<arg>desired_capabilities=${capabilities}</arg>
<doc>Opens a new browser instance to the optional ``url``.</doc>
<status status="PASS" start="2025-12-04T19:14:28.064984" elapsed="28.627346"/>
</kw>
<kw name="Maximize Browser Window" owner="SeleniumLibrary">
<doc>Maximizes current browser window.</doc>
<status status="PASS" start="2025-12-04T19:14:56.693233" elapsed="0.573048"/>
</kw>
<arg>${BROWSER}</arg>
<status status="PASS" start="2025-12-04T19:14:28.061631" elapsed="29.205111"/>
</kw>
<kw name="Go To" owner="SeleniumLibrary">
<msg time="2025-12-04T19:14:57.268020" level="INFO">Opening url 'https://petstore.octoperf.com/actions/Catalog.action'</msg>
<arg>${baseUrl}</arg>
<doc>Navigates the current browser window to the provided ``url``.</doc>
<status status="PASS" start="2025-12-04T19:14:57.267326" elapsed="1.658367"/>
</kw>
<kw name="Click Element" owner="SeleniumLibrary">
<msg time="2025-12-04T19:14:58.927287" level="INFO">Clicking element 'xpath=//a[text()='Sign In']'.</msg>
<arg>${SignInButton}</arg>
<doc>Click the element identified by ``locator``.</doc>
<status status="PASS" start="2025-12-04T19:14:58.926363" elapsed="1.198318"/>
</kw>
<kw name="Input Text" owner="SeleniumLibrary">
<msg time="2025-12-04T19:15:00.126173" level="INFO">Typing text 'adina_test' into text field 'name=username'.</msg>
<arg>${LoginUser}</arg>
<arg>${username}</arg>
<doc>Types the given ``text`` into the text field identified by ``locator``.</doc>
<status status="PASS" start="2025-12-04T19:15:00.125348" elapsed="0.951056"/>
</kw>
<kw name="Input Password" owner="SeleniumLibrary">
<msg time="2025-12-04T19:15:01.078188" level="INFO">Typing password into text field 'name=password'.</msg>
<msg time="2025-12-04T19:15:01.708895" level="INFO">Temporally setting log level to: NONE</msg>
<arg>${LoginPassword}</arg>
<arg>${password}</arg>
<doc>Types the given password into the text field identified by ``locator``.</doc>
<status status="PASS" start="2025-12-04T19:15:01.077136" elapsed="0.912698"/>
</kw>
<kw name="Click Button" owner="SeleniumLibrary">
<msg time="2025-12-04T19:15:01.991469" level="INFO">Clicking button 'name=signon'.</msg>
<arg>${LoginButton}</arg>
<doc>Clicks the button identified by ``locator``.</doc>
<status status="PASS" start="2025-12-04T19:15:01.990698" elapsed="1.321863"/>
</kw>
<kw name="Sleep" owner="BuiltIn">
<msg time="2025-12-04T19:15:05.314879" level="INFO">Slept 2 seconds.</msg>
<arg>2s</arg>
<doc>Pauses the test executed for the given time.</doc>
<status status="PASS" start="2025-12-04T19:15:03.313186" elapsed="2.002092"/>
</kw>
<status status="PASS" start="2025-12-04T19:14:28.059893" elapsed="37.255779"/>
</kw>
<kw name="Buy Product" owner="resources">
<kw name="Click Element" owner="SeleniumLibrary">
<msg time="2025-12-04T19:15:05.318347" level="INFO">Clicking element 'xpath=//a[contains(@href, 'categoryId=FISH')]'.</msg>
<arg>${FishCategory}</arg>
<doc>Click the element identified by ``locator``.</doc>
<status status="PASS" start="2025-12-04T19:15:05.317566" elapsed="2.068876"/>
</kw>
<kw name="Click Element" owner="SeleniumLibrary">
<msg time="2025-12-04T19:15:07.387468" level="INFO">Clicking element 'xpath=//a[text()='FI-SW-01']'.</msg>
<arg>xpath=//a[text()='FI-SW-01']</arg>
<doc>Click the element identified by ``locator``.</doc>
<status status="PASS" start="2025-12-04T19:15:07.386908" elapsed="0.778470"/>
</kw>
<kw name="Click Element" owner="SeleniumLibrary">
<msg time="2025-12-04T19:15:08.166482" level="INFO">Clicking element 'xpath=//a[contains(text(), 'Add to Cart')]'.</msg>
<arg>${AddToCartButton}</arg>
<doc>Click the element identified by ``locator``.</doc>
<status status="PASS" start="2025-12-04T19:15:08.165855" elapsed="0.777284"/>
</kw>
<kw name="Click Element" owner="SeleniumLibrary">
<msg time="2025-12-04T19:15:08.944834" level="INFO">Clicking element 'xpath=//a[text()='Proceed to Checkout']'.</msg>
<arg>${ProceedToCheckout}</arg>
<doc>Click the element identified by ``locator``.</doc>
<status status="PASS" start="2025-12-04T19:15:08.943922" elapsed="0.853101"/>
</kw>
<kw name="Click Button" owner="SeleniumLibrary">
<msg time="2025-12-04T19:15:09.798628" level="INFO">Clicking button 'name=newOrder'.</msg>
<arg>${ConfirmButton}</arg>
<doc>Clicks the button identified by ``locator``.</doc>
<status status="PASS" start="2025-12-04T19:15:09.797693" elapsed="1.095501"/>
</kw>
<kw name="Sleep" owner="BuiltIn">
<msg time="2025-12-04T19:15:12.894809" level="INFO">Slept 2 seconds.</msg>
<arg>2s</arg>
<doc>Pauses the test executed for the given time.</doc>
<status status="PASS" start="2025-12-04T19:15:10.893848" elapsed="2.001430"/>
</kw>
<status status="PASS" start="2025-12-04T19:15:05.316418" elapsed="7.579324"/>
</kw>
<status status="PASS" start="2025-12-04T19:14:28.057465" elapsed="44.838549"/>
</kw>
<kw name="Log Out Test" owner="resources">
<kw name="Log In" owner="resources">
<kw name="OpenBrowserStackBrowser" owner="resources">
<kw name="Create Dictionary" owner="BuiltIn">
<msg time="2025-12-04T19:15:12.907996" level="INFO">&amp;{capabilities} = { browserName=Chrome | browserVersion=latest | os=Windows | osVersion=11 | name=RobotFrameworkTests (Chrome) }</msg>
<var>&amp;{capabilities}</var>
<arg>browserName=${browser}</arg>
<arg>browserVersion=latest</arg>
<arg>os=Windows</arg>
<arg>osVersion=11</arg>
<arg>name=RobotFrameworkTests (${browser})</arg>
<doc>Creates and returns a dictionary based on the given ``items``.</doc>
<status status="PASS" start="2025-12-04T19:15:12.906272" elapsed="0.001904"/>
</kw>
<kw name="Open Browser" owner="SeleniumLibrary">
<msg time="2025-12-04T19:15:12.911473" level="WARN">desired_capabilities has been deprecated and removed. Please use options to configure browsers as per documentation.</msg>
<msg time="2025-12-04T19:15:12.912654" level="INFO">Opening browser 'firefox' to base url 'about:blank' through remote server at 'https://bsuser_49HML6:pV7uy4M3hwKZX6ksKvJt@hub-cloud.browserstack.com/wd/hub'.</msg>
<arg>about:blank</arg>
<arg>remote_url=${REMOTE_URL}</arg>
<arg>desired_capabilities=${capabilities}</arg>
<doc>Opens a new browser instance to the optional ``url``.</doc>
<status status="PASS" start="2025-12-04T19:15:12.910095" elapsed="19.822326"/>
</kw>
<kw name="Maximize Browser Window" owner="SeleniumLibrary">
<doc>Maximizes current browser window.</doc>
<status status="PASS" start="2025-12-04T19:15:32.732745" elapsed="0.517188"/>
</kw>
<arg>${BROWSER}</arg>
<status status="PASS" start="2025-12-04T19:15:12.900209" elapsed="20.349931"/>
</kw>
<kw name="Go To" owner="SeleniumLibrary">
<msg time="2025-12-04T19:15:33.251520" level="INFO">Opening url 'https://petstore.octoperf.com/actions/Catalog.action'</msg>
<arg>${baseUrl}</arg>
<doc>Navigates the current browser window to the provided ``url``.</doc>
<status status="PASS" start="2025-12-04T19:15:33.251177" elapsed="1.335751"/>
</kw>
<kw name="Click Element" owner="SeleniumLibrary">
<msg time="2025-12-04T19:15:34.587698" level="INFO">Clicking element 'xpath=//a[text()='Sign In']'.</msg>
<arg>${SignInButton}</arg>
<doc>Click the element identified by ``locator``.</doc>
<status status="PASS" start="2025-12-04T19:15:34.587274" elapsed="0.802031"/>
</kw>
<kw name="Input Text" owner="SeleniumLibrary">
<msg time="2025-12-04T19:15:35.390063" level="INFO">Typing text 'adina_test' into text field 'name=username'.</msg>
<arg>${LoginUser}</arg>
<arg>${username}</arg>
<doc>Types the given ``text`` into the text field identified by ``locator``.</doc>
<status status="PASS" start="2025-12-04T19:15:35.389597" elapsed="0.775458"/>
</kw>
<kw name="Input Password" owner="SeleniumLibrary">
<msg time="2025-12-04T19:15:36.165859" level="INFO">Typing password into text field 'name=password'.</msg>
<msg time="2025-12-04T19:15:36.698310" level="INFO">Temporally setting log level to: NONE</msg>
<arg>${LoginPassword}</arg>
<arg>${password}</arg>
<doc>Types the given password into the text field identified by ``locator``.</doc>
<status status="PASS" start="2025-12-04T19:15:36.165358" elapsed="0.794760"/>
</kw>
<kw name="Click Button" owner="SeleniumLibrary">
<msg time="2025-12-04T19:15:36.960619" level="INFO">Clicking button 'name=signon'.</msg>
<arg>${LoginButton}</arg>
<doc>Clicks the button identified by ``locator``.</doc>
<status status="PASS" start="2025-12-04T19:15:36.960331" elapsed="1.140474"/>
</kw>
<kw name="Sleep" owner="BuiltIn">
<msg time="2025-12-04T19:15:40.102078" level="INFO">Slept 2 seconds.</msg>
<arg>2s</arg>
<doc>Pauses the test executed for the given time.</doc>
<status status="PASS" start="2025-12-04T19:15:38.101344" elapsed="2.000946"/>
</kw>
<status status="PASS" start="2025-12-04T19:15:12.898729" elapsed="27.203734"/>
</kw>
<kw name="Log Out" owner="resources">
<kw name="Click Element" owner="SeleniumLibrary">
<msg time="2025-12-04T19:15:40.104524" level="INFO">Clicking element 'xpath=//a[text()='Sign Out']'.</msg>
<arg>${LogOutButton}</arg>
<doc>Click the element identified by ``locator``.</doc>
<status status="PASS" start="2025-12-04T19:15:40.104087" elapsed="0.937815"/>
</kw>
<kw name="Sleep" owner="BuiltIn">
<msg time="2025-12-04T19:15:43.043131" level="INFO">Slept 2 seconds.</msg>
<arg>2s</arg>
<doc>Pauses the test executed for the given time.</doc>
<status status="PASS" start="2025-12-04T19:15:41.042287" elapsed="2.000990"/>
</kw>
<kw name="Close Browser" owner="SeleniumLibrary">
<doc>Closes the current browser.</doc>
<status status="PASS" start="2025-12-04T19:15:43.043535" elapsed="1.538002"/>
</kw>
<status status="PASS" start="2025-12-04T19:15:40.103424" elapsed="4.478402"/>
</kw>
<status status="PASS" start="2025-12-04T19:15:12.896720" elapsed="31.685241"/>
</kw>
<var name="${browser}">Chrome</var>
<status status="PASS" start="2025-12-04T19:13:07.207081" elapsed="157.374967"/>
</iter>
<iter>
<kw name="Set Suite Variable" owner="BuiltIn">
<msg time="2025-12-04T19:15:44.583284" level="INFO">${BROWSER} = Firefox</msg>
<arg>${BROWSER}</arg>
<arg>${browser}</arg>
<doc>Makes a variable available everywhere within the scope of the current suite.</doc>
<status status="PASS" start="2025-12-04T19:15:44.582804" elapsed="0.000589"/>
</kw>
<kw name="Log To Console" owner="BuiltIn">
<arg>Running in ${BROWSER}</arg>
<doc>Logs the given message to the console.</doc>
<status status="PASS" start="2025-12-04T19:15:44.583641" elapsed="0.000824"/>
</kw>
<kw name="Sign Up Test" owner="resources">
<kw name="Sign Up" owner="resources">
<kw name="OpenBrowserStackBrowser" owner="resources">
<kw name="Create Dictionary" owner="BuiltIn">
<msg time="2025-12-04T19:15:44.587809" level="INFO">&amp;{capabilities} = { browserName=Firefox | browserVersion=latest | os=Windows | osVersion=11 | name=RobotFrameworkTests (Firefox) }</msg>
<var>&amp;{capabilities}</var>
<arg>browserName=${browser}</arg>
<arg>browserVersion=latest</arg>
<arg>os=Windows</arg>
<arg>osVersion=11</arg>
<arg>name=RobotFrameworkTests (${browser})</arg>
<doc>Creates and returns a dictionary based on the given ``items``.</doc>
<status status="PASS" start="2025-12-04T19:15:44.587122" elapsed="0.000777"/>
</kw>
<kw name="Open Browser" owner="SeleniumLibrary">
<msg time="2025-12-04T19:15:44.589317" level="WARN">desired_capabilities has been deprecated and removed. Please use options to configure browsers as per documentation.</msg>
<msg time="2025-12-04T19:15:44.590386" level="INFO">Opening browser 'firefox' to base url 'about:blank' through remote server at 'https://bsuser_49HML6:pV7uy4M3hwKZX6ksKvJt@hub-cloud.browserstack.com/wd/hub'.</msg>
<arg>about:blank</arg>
<arg>remote_url=${REMOTE_URL}</arg>
<arg>desired_capabilities=${capabilities}</arg>
<doc>Opens a new browser instance to the optional ``url``.</doc>
<status status="PASS" start="2025-12-04T19:15:44.588240" elapsed="19.643371"/>
</kw>
<kw name="Maximize Browser Window" owner="SeleniumLibrary">
<doc>Maximizes current browser window.</doc>
<status status="PASS" start="2025-12-04T19:16:04.232216" elapsed="0.562201"/>
</kw>
<arg>${BROWSER}</arg>
<status status="PASS" start="2025-12-04T19:15:44.586273" elapsed="20.208441"/>
</kw>
<kw name="Go To" owner="SeleniumLibrary">
<msg time="2025-12-04T19:16:04.795536" level="INFO">Opening url 'https://petstore.octoperf.com/actions/Catalog.action'</msg>
<arg>${baseUrl}</arg>
<doc>Navigates the current browser window to the provided ``url``.</doc>
<status status="PASS" start="2025-12-04T19:16:04.795073" elapsed="1.400033"/>
</kw>
<kw name="Maximize Browser Window" owner="SeleniumLibrary">
<doc>Maximizes current browser window.</doc>
<status status="PASS" start="2025-12-04T19:16:06.195810" elapsed="0.323748"/>
</kw>
<kw name="Click Element" owner="SeleniumLibrary">
<msg time="2025-12-04T19:16:06.521440" level="INFO">Clicking element 'xpath=//a[text()='Sign In']'.</msg>
<arg>${SignInButton}</arg>
<doc>Click the element identified by ``locator``.</doc>
<status status="PASS" start="2025-12-04T19:16:06.520170" elapsed="1.086068"/>
</kw>
<kw name="Click Element" owner="SeleniumLibrary">
<msg time="2025-12-04T19:16:07.607982" level="INFO">Clicking element 'xpath=//a[text()='Register Now!']'.</msg>
<arg>${RegisterNow}</arg>
<doc>Click the element identified by ``locator``.</doc>
<status status="PASS" start="2025-12-04T19:16:07.607025" elapsed="0.758574"/>
</kw>
<kw name="Input Text" owner="SeleniumLibrary">
<msg time="2025-12-04T19:16:08.367548" level="INFO">Typing text 'adina_test' into text field 'name=username'.</msg>
<arg>${UserID}</arg>
<arg>${username}</arg>
<doc>Types the given ``text`` into the text field identified by ``locator``.</doc>
<status status="PASS" start="2025-12-04T19:16:08.366304" elapsed="0.812441"/>
</kw>
<kw name="Input Text" owner="SeleniumLibrary">
<msg time="2025-12-04T19:16:09.180015" level="INFO">Typing text '123456' into text field 'name=password'.</msg>
<arg>${NewPassword}</arg>
<arg>${password}</arg>
<doc>Types the given ``text`` into the text field identified by ``locator``.</doc>
<status status="PASS" start="2025-12-04T19:16:09.179301" elapsed="0.825152"/>
</kw>
<kw name="Input Text" owner="SeleniumLibrary">
<msg time="2025-12-04T19:16:10.006615" level="INFO">Typing text '123456' into text field 'name=repeatedPassword'.</msg>
<arg>${RepeatPassword}</arg>
<arg>${password}</arg>
<doc>Types the given ``text`` into the text field identified by ``locator``.</doc>
<status status="PASS" start="2025-12-04T19:16:10.005287" elapsed="0.772028"/>
</kw>
<kw name="Input Text" owner="SeleniumLibrary">
<msg time="2025-12-04T19:16:10.778727" level="INFO">Typing text 'name=account.firstName' into text field 'name=account.firstName'.</msg>
<arg>${FirstName}</arg>
<arg>${firstName}</arg>
<doc>Types the given ``text`` into the text field identified by ``locator``.</doc>
<status status="PASS" start="2025-12-04T19:16:10.777921" elapsed="0.811614"/>
</kw>
<kw name="Input Text" owner="SeleniumLibrary">
<msg time="2025-12-04T19:16:11.590792" level="INFO">Typing text 'name=account.lastName' into text field 'name=account.lastName'.</msg>
<arg>${LastName}</arg>
<arg>${lastName}</arg>
<doc>Types the given ``text`` into the text field identified by ``locator``.</doc>
<status status="PASS" start="2025-12-04T19:16:11.590090" elapsed="0.835985"/>
</kw>
<kw name="Input Text" owner="SeleniumLibrary">
<msg time="2025-12-04T19:16:12.427317" level="INFO">Typing text 'name=account.email' into text field 'name=account.email'.</msg>
<arg>${Email}</arg>
<arg>${email}</arg>
<doc>Types the given ``text`` into the text field identified by ``locator``.</doc>
<status status="PASS" start="2025-12-04T19:16:12.426577" elapsed="0.772825"/>
</kw>
<kw name="Input Text" owner="SeleniumLibrary">
<msg time="2025-12-04T19:16:13.201256" level="INFO">Typing text 'name=account.phone' into text field 'name=account.phone'.</msg>
<arg>${Phone}</arg>
<arg>${phone}</arg>
<doc>Types the given ``text`` into the text field identified by ``locator``.</doc>
<status status="PASS" start="2025-12-04T19:16:13.200230" elapsed="0.784307"/>
</kw>
<kw name="Input Text" owner="SeleniumLibrary">
<msg time="2025-12-04T19:16:13.986361" level="INFO">Typing text 'Astana st 12' into text field 'name=account.address1'.</msg>
<arg>${Address1}</arg>
<arg>${address}</arg>
<doc>Types the given ``text`` into the text field identified by ``locator``.</doc>
<status status="PASS" start="2025-12-04T19:16:13.985306" elapsed="0.770530"/>
</kw>
<kw name="Input Text" owner="SeleniumLibrary">
<msg time="2025-12-04T19:16:14.757745" level="INFO">Typing text 'name=account.city' into text field 'name=account.city'.</msg>
<arg>${City}</arg>
<arg>${city}</arg>
<doc>Types the given ``text`` into the text field identified by ``locator``.</doc>
<status status="PASS" start="2025-12-04T19:16:14.756646" elapsed="0.752946"/>
</kw>
<kw name="Input Text" owner="SeleniumLibrary">
<msg time="2025-12-04T19:16:15.511422" level="INFO">Typing text 'name=account.state' into text field 'name=account.state'.</msg>
<arg>${State}</arg>
<arg>${state}</arg>
<doc>Types the given ``text`` into the text field identified by ``locator``.</doc>
<status status="PASS" start="2025-12-04T19:16:15.510226" elapsed="0.803025"/>
</kw>
<kw name="Input Text" owner="SeleniumLibrary">
<msg time="2025-12-04T19:16:16.315060" level="INFO">Typing text 'name=account.zip' into text field 'name=account.zip'.</msg>
<arg>${Zip}</arg>
<arg>${zip}</arg>
<doc>Types the given ``text`` into the text field identified by ``locator``.</doc>
<status status="PASS" start="2025-12-04T19:16:16.314060" elapsed="0.774191"/>
</kw>
<kw name="Input Text" owner="SeleniumLibrary">
<msg time="2025-12-04T19:16:17.090302" level="INFO">Typing text 'name=account.country' into text field 'name=account.country'.</msg>
<arg>${Country}</arg>
<arg>${country}</arg>
<doc>Types the given ``text`` into the text field identified by ``locator``.</doc>
<status status="PASS" start="2025-12-04T19:16:17.089144" elapsed="0.786326"/>
</kw>
<kw name="Click Button" owner="SeleniumLibrary">
<msg time="2025-12-04T19:16:17.877141" level="INFO">Clicking button 'name=newAccount'.</msg>
<arg>${SaveAccountButton}</arg>
<doc>Clicks the button identified by ``locator``.</doc>
<status status="PASS" start="2025-12-04T19:16:17.876297" elapsed="1.207657"/>
</kw>
<kw name="Sleep" owner="BuiltIn">
<msg time="2025-12-04T19:16:21.085849" level="INFO">Slept 2 seconds.</msg>
<arg>2s</arg>
<doc>Pauses the test executed for the given time.</doc>
<status status="PASS" start="2025-12-04T19:16:19.084631" elapsed="2.001629"/>
</kw>
<kw name="Close Browser" owner="SeleniumLibrary">
<doc>Closes the current browser.</doc>
<status status="PASS" start="2025-12-04T19:16:21.086921" elapsed="1.521174"/>
</kw>
<status status="PASS" start="2025-12-04T19:15:44.585729" elapsed="38.022744"/>
</kw>
<status status="PASS" start="2025-12-04T19:15:44.584946" elapsed="38.023708"/>
</kw>
<kw name="Log In Test" owner="resources">
<kw name="Log In" owner="resources">
<kw name="OpenBrowserStackBrowser" owner="resources">
<kw name="Create Dictionary" owner="BuiltIn">
<msg time="2025-12-04T19:16:22.613237" level="INFO">&amp;{capabilities} = { browserName=Firefox | browserVersion=latest | os=Windows | osVersion=11 | name=RobotFrameworkTests (Firefox) }</msg>
<var>&amp;{capabilities}</var>
<arg>browserName=${browser}</arg>
<arg>browserVersion=latest</arg>
<arg>os=Windows</arg>
<arg>osVersion=11</arg>
<arg>name=RobotFrameworkTests (${browser})</arg>
<doc>Creates and returns a dictionary based on the given ``items``.</doc>
<status status="PASS" start="2025-12-04T19:16:22.611667" elapsed="0.001766"/>
</kw>
<kw name="Open Browser" owner="SeleniumLibrary">
<msg time="2025-12-04T19:16:22.615250" level="WARN">desired_capabilities has been deprecated and removed. Please use options to configure browsers as per documentation.</msg>
<msg time="2025-12-04T19:16:22.616241" level="INFO">Opening browser 'firefox' to base url 'about:blank' through remote server at 'https://bsuser_49HML6:pV7uy4M3hwKZX6ksKvJt@hub-cloud.browserstack.com/wd/hub'.</msg>
<arg>about:blank</arg>
<arg>remote_url=${REMOTE_URL}</arg>
<arg>desired_capabilities=${capabilities}</arg>
<doc>Opens a new browser instance to the optional ``url``.</doc>
<status status="PASS" start="2025-12-04T19:16:22.614165" elapsed="20.975250"/>
</kw>
<kw name="Maximize Browser Window" owner="SeleniumLibrary">
<doc>Maximizes current browser window.</doc>
<status status="PASS" start="2025-12-04T19:16:43.589630" elapsed="0.560330"/>
</kw>
<arg>${BROWSER}</arg>
<status status="PASS" start="2025-12-04T19:16:22.610637" elapsed="21.539495"/>
</kw>
<kw name="Go To" owner="SeleniumLibrary">
<msg time="2025-12-04T19:16:44.150615" level="INFO">Opening url 'https://petstore.octoperf.com/actions/Catalog.action'</msg>
<arg>${baseUrl}</arg>
<doc>Navigates the current browser window to the provided ``url``.</doc>
<status status="PASS" start="2025-12-04T19:16:44.150336" elapsed="1.401201"/>
</kw>
<kw name="Click Element" owner="SeleniumLibrary">
<msg time="2025-12-04T19:16:45.553287" level="INFO">Clicking element 'xpath=//a[text()='Sign In']'.</msg>
<arg>${SignInButton}</arg>
<doc>Click the element identified by ``locator``.</doc>
<status status="PASS" start="2025-12-04T19:16:45.552421" elapsed="0.970631"/>
</kw>
<kw name="Input Text" owner="SeleniumLibrary">
<msg time="2025-12-04T19:16:46.524508" level="INFO">Typing text 'adina_test' into text field 'name=username'.</msg>
<arg>${LoginUser}</arg>
<arg>${username}</arg>
<doc>Types the given ``text`` into the text field identified by ``locator``.</doc>
<status status="PASS" start="2025-12-04T19:16:46.523766" elapsed="0.849777"/>
</kw>
<kw name="Input Password" owner="SeleniumLibrary">
<msg time="2025-12-04T19:16:47.375336" level="INFO">Typing password into text field 'name=password'.</msg>
<msg time="2025-12-04T19:16:47.965195" level="INFO">Temporally setting log level to: NONE</msg>
<arg>${LoginPassword}</arg>
<arg>${password}</arg>
<doc>Types the given password into the text field identified by ``locator``.</doc>
<status status="PASS" start="2025-12-04T19:16:47.374293" elapsed="0.892438"/>
</kw>
<kw name="Click Button" owner="SeleniumLibrary">
<msg time="2025-12-04T19:16:48.267774" level="INFO">Clicking button 'name=signon'.</msg>
<arg>${LoginButton}</arg>
<doc>Clicks the button identified by ``locator``.</doc>
<status status="PASS" start="2025-12-04T19:16:48.267217" elapsed="1.222017"/>
</kw>
<kw name="Sleep" owner="BuiltIn">
<msg time="2025-12-04T19:16:51.491191" level="INFO">Slept 2 seconds.</msg>
<arg>2s</arg>
<doc>Pauses the test executed for the given time.</doc>
<status status="PASS" start="2025-12-04T19:16:49.489993" elapsed="2.001489"/>
</kw>
<status status="PASS" start="2025-12-04T19:16:22.609974" elapsed="28.882058"/>
</kw>
<status status="PASS" start="2025-12-04T19:16:22.609147" elapsed="28.883100"/>
</kw>
<kw name="Buy Product Test" owner="resources">
<kw name="Log In" owner="resources">
<kw name="OpenBrowserStackBrowser" owner="resources">
<kw name="Create Dictionary" owner="BuiltIn">
<msg time="2025-12-04T19:16:51.496145" level="INFO">&amp;{capabilities} = { browserName=Firefox | browserVersion=latest | os=Windows | osVersion=11 | name=RobotFrameworkTests (Firefox) }</msg>
<var>&amp;{capabilities}</var>
<arg>browserName=${browser}</arg>
<arg>browserVersion=latest</arg>
<arg>os=Windows</arg>
<arg>osVersion=11</arg>
<arg>name=RobotFrameworkTests (${browser})</arg>
<doc>Creates and returns a dictionary based on the given ``items``.</doc>
<status status="PASS" start="2025-12-04T19:16:51.495204" elapsed="0.001037"/>
</kw>
<kw name="Open Browser" owner="SeleniumLibrary">
<msg time="2025-12-04T19:16:51.497889" level="WARN">desired_capabilities has been deprecated and removed. Please use options to configure browsers as per documentation.</msg>
<msg time="2025-12-04T19:16:51.498730" level="INFO">Opening browser 'firefox' to base url 'about:blank' through remote server at 'https://bsuser_49HML6:pV7uy4M3hwKZX6ksKvJt@hub-cloud.browserstack.com/wd/hub'.</msg>
<arg>about:blank</arg>
<arg>remote_url=${REMOTE_URL}</arg>
<arg>desired_capabilities=${capabilities}</arg>
<doc>Opens a new browser instance to the optional ``url``.</doc>
<status status="PASS" start="2025-12-04T19:16:51.496681" elapsed="14.528458"/>
</kw>
<kw name="Maximize Browser Window" owner="SeleniumLibrary">
<doc>Maximizes current browser window.</doc>
<status status="PASS" start="2025-12-04T19:17:06.025539" elapsed="0.563494"/>
</kw>
<arg>${BROWSER}</arg>
<status status="PASS" start="2025-12-04T19:16:51.494252" elapsed="15.094901"/>
</kw>
<kw name="Go To" owner="SeleniumLibrary">
<msg time="2025-12-04T19:17:06.590356" level="INFO">Opening url 'https://petstore.octoperf.com/actions/Catalog.action'</msg>
<arg>${baseUrl}</arg>
<doc>Navigates the current browser window to the provided ``url``.</doc>
<status status="PASS" start="2025-12-04T19:17:06.589567" elapsed="1.525986"/>
</kw>
<kw name="Click Element" owner="SeleniumLibrary">
<msg time="2025-12-04T19:17:08.116528" level="INFO">Clicking element 'xpath=//a[text()='Sign In']'.</msg>
<arg>${SignInButton}</arg>
<doc>Click the element identified by ``locator``.</doc>
<status status="PASS" start="2025-12-04T19:17:08.115962" elapsed="0.835088"/>
</kw>
<kw name="Input Text" owner="SeleniumLibrary">
<msg time="2025-12-04T19:17:08.952047" level="INFO">Typing text 'adina_test' into text field 'name=username'.</msg>
<arg>${LoginUser}</arg>
<arg>${username}</arg>
<doc>Types the given ``text`` into the text field identified by ``locator``.</doc>
<status status="PASS" start="2025-12-04T19:17:08.951469" elapsed="0.799462"/>
</kw>
<kw name="Input Password" owner="SeleniumLibrary">
<msg time="2025-12-04T19:17:09.752215" level="INFO">Typing password into text field 'name=password'.</msg>
<msg time="2025-12-04T19:17:10.290592" level="INFO">Temporally setting log level to: NONE</msg>
<arg>${LoginPassword}</arg>
<arg>${password}</arg>
<doc>Types the given password into the text field identified by ``locator``.</doc>
<status status="PASS" start="2025-12-04T19:17:09.751363" elapsed="0.814900"/>
</kw>
<kw name="Click Button" owner="SeleniumLibrary">
<msg time="2025-12-04T19:17:10.566827" level="INFO">Clicking button 'name=signon'.</msg>
<arg>${LoginButton}</arg>
<doc>Clicks the button identified by ``locator``.</doc>
<status status="PASS" start="2025-12-04T19:17:10.566531" elapsed="1.121335"/>
</kw>
<kw name="Sleep" owner="BuiltIn">
<msg time="2025-12-04T19:17:13.688863" level="INFO">Slept 2 seconds.</msg>
<arg>2s</arg>
<doc>Pauses the test executed for the given time.</doc>
<status status="PASS" start="2025-12-04T19:17:11.688273" elapsed="2.000770"/>
</kw>
<status status="PASS" start="2025-12-04T19:16:51.493633" elapsed="22.195573"/>
</kw>
<kw name="Buy Product" owner="resources">
<kw name="Click Element" owner="SeleniumLibrary">
<msg time="2025-12-04T19:17:13.690315" level="INFO">Clicking element 'xpath=//a[contains(@href, 'categoryId=FISH')]'.</msg>
<arg>${FishCategory}</arg>
<doc>Click the element identified by ``locator``.</doc>
<status status="PASS" start="2025-12-04T19:17:13.689985" elapsed="0.741580"/>
</kw>
<kw name="Click Element" owner="SeleniumLibrary">
<msg time="2025-12-04T19:17:14.432253" level="INFO">Clicking element 'xpath=//a[text()='FI-SW-01']'.</msg>
<arg>xpath=//a[text()='FI-SW-01']</arg>
<doc>Click the element identified by ``locator``.</doc>
<status status="PASS" start="2025-12-04T19:17:14.431896" elapsed="0.815211"/>
</kw>
<kw name="Click Element" owner="SeleniumLibrary">
<msg time="2025-12-04T19:17:15.247620" level="INFO">Clicking element 'xpath=//a[contains(text(), 'Add to Cart')]'.</msg>
<arg>${AddToCartButton}</arg>
<doc>Click the element identified by ``locator``.</doc>
<status status="PASS" start="2025-12-04T19:17:15.247337" elapsed="0.722223"/>
</kw>
<kw name="Click Element" owner="SeleniumLibrary">
<msg time="2025-12-04T19:17:15.970940" level="INFO">Clicking element 'xpath=//a[text()='Proceed to Checkout']'.</msg>
<arg>${ProceedToCheckout}</arg>
<doc>Click the element identified by ``locator``.</doc>
<status status="PASS" start="2025-12-04T19:17:15.969927" elapsed="0.716758"/>
</kw>
<kw name="Click Button" owner="SeleniumLibrary">
<msg time="2025-12-04T19:17:16.687252" level="INFO">Clicking button 'name=newOrder'.</msg>
<arg>${ConfirmButton}</arg>
<doc>Clicks the button identified by ``locator``.</doc>
<status status="PASS" start="2025-12-04T19:17:16.686931" elapsed="1.011514"/>
</kw>
<kw name="Sleep" owner="BuiltIn">
<msg time="2025-12-04T19:17:19.701177" level="INFO">Slept 2 seconds.</msg>
<arg>2s</arg>
<doc>Pauses the test executed for the given time.</doc>
<status status="PASS" start="2025-12-04T19:17:17.699504" elapsed="2.001925"/>
</kw>
<status status="PASS" start="2025-12-04T19:17:13.689518" elapsed="6.012161"/>
</kw>
<status status="PASS" start="2025-12-04T19:16:51.492801" elapsed="28.209011"/>
</kw>
<kw name="Log Out Test" owner="resources">
<kw name="Log In" owner="resources">
<kw name="OpenBrowserStackBrowser" owner="resources">
<kw name="Create Dictionary" owner="BuiltIn">
<msg time="2025-12-04T19:17:19.704981" level="INFO">&amp;{capabilities} = { browserName=Firefox | browserVersion=latest | os=Windows | osVersion=11 | name=RobotFrameworkTests (Firefox) }</msg>
<var>&amp;{capabilities}</var>
<arg>browserName=${browser}</arg>
<arg>browserVersion=latest</arg>
<arg>os=Windows</arg>
<arg>osVersion=11</arg>
<arg>name=RobotFrameworkTests (${browser})</arg>
<doc>Creates and returns a dictionary based on the given ``items``.</doc>
<status status="PASS" start="2025-12-04T19:17:19.704168" elapsed="0.000901"/>
</kw>
<kw name="Open Browser" owner="SeleniumLibrary">
<msg time="2025-12-04T19:17:19.706835" level="WARN">desired_capabilities has been deprecated and removed. Please use options to configure browsers as per documentation.</msg>
<msg time="2025-12-04T19:17:19.707996" level="INFO">Opening browser 'firefox' to base url 'about:blank' through remote server at 'https://bsuser_49HML6:pV7uy4M3hwKZX6ksKvJt@hub-cloud.browserstack.com/wd/hub'.</msg>
<arg>about:blank</arg>
<arg>remote_url=${REMOTE_URL}</arg>
<arg>desired_capabilities=${capabilities}</arg>
<doc>Opens a new browser instance to the optional ``url``.</doc>
<status status="PASS" start="2025-12-04T19:17:19.705444" elapsed="19.899349"/>
</kw>
<kw name="Maximize Browser Window" owner="SeleniumLibrary">
<doc>Maximizes current browser window.</doc>
<status status="PASS" start="2025-12-04T19:17:39.605298" elapsed="0.592912"/>
</kw>
<arg>${BROWSER}</arg>
<status status="PASS" start="2025-12-04T19:17:19.703556" elapsed="20.494978"/>
</kw>
<kw name="Go To" owner="SeleniumLibrary">
<msg time="2025-12-04T19:17:40.199382" level="INFO">Opening url 'https://petstore.octoperf.com/actions/Catalog.action'</msg>
<arg>${baseUrl}</arg>
<doc>Navigates the current browser window to the provided ``url``.</doc>
<status status="PASS" start="2025-12-04T19:17:40.198950" elapsed="1.396161"/>
</kw>
<kw name="Click Element" owner="SeleniumLibrary">
<msg time="2025-12-04T19:17:41.596354" level="INFO">Clicking element 'xpath=//a[text()='Sign In']'.</msg>
<arg>${SignInButton}</arg>
<doc>Click the element identified by ``locator``.</doc>
<status status="PASS" start="2025-12-04T19:17:41.595662" elapsed="1.058088"/>
</kw>
<kw name="Input Text" owner="SeleniumLibrary">
<msg time="2025-12-04T19:17:42.655030" level="INFO">Typing text 'adina_test' into text field 'name=username'.</msg>
<arg>${LoginUser}</arg>
<arg>${username}</arg>
<doc>Types the given ``text`` into the text field identified by ``locator``.</doc>
<status status="PASS" start="2025-12-04T19:17:42.654290" elapsed="0.932138"/>
</kw>
<kw name="Input Password" owner="SeleniumLibrary">
<msg time="2025-12-04T19:17:43.604021" level="INFO">Typing password into text field 'name=password'.</msg>
<msg time="2025-12-04T19:17:44.308215" level="INFO">Temporally setting log level to: NONE</msg>
<arg>${LoginPassword}</arg>
<arg>${password}</arg>
<doc>Types the given password into the text field identified by ``locator``.</doc>
<status status="PASS" start="2025-12-04T19:17:43.602817" elapsed="0.969244"/>
</kw>
<kw name="Click Button" owner="SeleniumLibrary">
<msg time="2025-12-04T19:17:44.573591" level="INFO">Clicking button 'name=signon'.</msg>
<arg>${LoginButton}</arg>
<doc>Clicks the button identified by ``locator``.</doc>
<status status="PASS" start="2025-12-04T19:17:44.572754" elapsed="1.179172"/>
</kw>
<kw name="Sleep" owner="BuiltIn">
<msg time="2025-12-04T19:17:47.754776" level="INFO">Slept 2 seconds.</msg>
<arg>2s</arg>
<doc>Pauses the test executed for the given time.</doc>
<status status="PASS" start="2025-12-04T19:17:45.752531" elapsed="2.002955"/>
</kw>
<status status="PASS" start="2025-12-04T19:17:19.703021" elapsed="28.053093"/>
</kw>
<kw name="Log Out" owner="resources">
<kw name="Click Element" owner="SeleniumLibrary">
<msg time="2025-12-04T19:17:47.758671" level="INFO">Clicking element 'xpath=//a[text()='Sign Out']'.</msg>
<arg>${LogOutButton}</arg>
<doc>Click the element identified by ``locator``.</doc>
<status status="PASS" start="2025-12-04T19:17:47.757928" elapsed="0.872594"/>
</kw>
<kw name="Sleep" owner="BuiltIn">
<msg time="2025-12-04T19:17:50.632478" level="INFO">Slept 2 seconds.</msg>
<arg>2s</arg>
<doc>Pauses the test executed for the given time.</doc>
<status status="PASS" start="2025-12-04T19:17:48.631015" elapsed="2.001766"/>
</kw>
<kw name="Close Browser" owner="SeleniumLibrary">
<doc>Closes the current browser.</doc>
<status status="PASS" start="2025-12-04T19:17:50.633236" elapsed="1.531650"/>
</kw>
<status status="PASS" start="2025-12-04T19:17:47.756873" elapsed="4.408416"/>
</kw>
<status status="PASS" start="2025-12-04T19:17:19.702264" elapsed="32.463194"/>
</kw>
<var name="${browser}">Firefox</var>
<status status="PASS" start="2025-12-04T19:15:44.582496" elapsed="127.583074"/>
</iter>
<iter>
<kw name="Set Suite Variable" owner="BuiltIn">
<msg time="2025-12-04T19:17:52.166987" level="INFO">${BROWSER} = Edge</msg>
<arg>${BROWSER}</arg>
<arg>${browser}</arg>
<doc>Makes a variable available everywhere within the scope of the current suite.</doc>
<status status="PASS" start="2025-12-04T19:17:52.166410" elapsed="0.000750"/>
</kw>
<kw name="Log To Console" owner="BuiltIn">
<arg>Running in ${BROWSER}</arg>
<doc>Logs the given message to the console.</doc>
<status status="PASS" start="2025-12-04T19:17:52.167475" elapsed="0.000909"/>
</kw>
<kw name="Sign Up Test" owner="resources">
<kw name="Sign Up" owner="resources">
<kw name="OpenBrowserStackBrowser" owner="resources">
<kw name="Create Dictionary" owner="BuiltIn">
<msg time="2025-12-04T19:17:52.173180" level="INFO">&amp;{capabilities} = { browserName=Edge | browserVersion=latest | os=Windows | osVersion=11 | name=RobotFrameworkTests (Edge) }</msg>
<var>&amp;{capabilities}</var>
<arg>browserName=${browser}</arg>
<arg>browserVersion=latest</arg>
<arg>os=Windows</arg>
<arg>osVersion=11</arg>
<arg>name=RobotFrameworkTests (${browser})</arg>
<doc>Creates and returns a dictionary based on the given ``items``.</doc>
<status status="PASS" start="2025-12-04T19:17:52.171691" elapsed="0.001718"/>
</kw>
<kw name="Open Browser" owner="SeleniumLibrary">
<msg time="2025-12-04T19:17:52.175840" level="WARN">desired_capabilities has been deprecated and removed. Please use options to configure browsers as per documentation.</msg>
<msg time="2025-12-04T19:17:52.176584" level="INFO">Opening browser 'firefox' to base url 'about:blank' through remote server at 'https://bsuser_49HML6:pV7uy4M3hwKZX6ksKvJt@hub-cloud.browserstack.com/wd/hub'.</msg>
<arg>about:blank</arg>
<arg>remote_url=${REMOTE_URL}</arg>
<arg>desired_capabilities=${capabilities}</arg>
<doc>Opens a new browser instance to the optional ``url``.</doc>
<status status="PASS" start="2025-12-04T19:17:52.174162" elapsed="14.814992"/>
</kw>
<kw name="Maximize Browser Window" owner="SeleniumLibrary">
<doc>Maximizes current browser window.</doc>
<status status="PASS" start="2025-12-04T19:18:06.989741" elapsed="0.506445"/>
</kw>
<arg>${BROWSER}</arg>
<status status="PASS" start="2025-12-04T19:17:52.170905" elapsed="15.325590"/>
</kw>
<kw name="Go To" owner="SeleniumLibrary">
<msg time="2025-12-04T19:18:07.497358" level="INFO">Opening url 'https://petstore.octoperf.com/actions/Catalog.action'</msg>
<arg>${baseUrl}</arg>
<doc>Navigates the current browser window to the provided ``url``.</doc>
<status status="PASS" start="2025-12-04T19:18:07.496865" elapsed="1.348690"/>
</kw>
<kw name="Maximize Browser Window" owner="SeleniumLibrary">
<doc>Maximizes current browser window.</doc>
<status status="PASS" start="2025-12-04T19:18:08.846300" elapsed="0.321544"/>
</kw>
<kw name="Click Element" owner="SeleniumLibrary">
<msg time="2025-12-04T19:18:09.169446" level="INFO">Clicking element 'xpath=//a[text()='Sign In']'.</msg>
<arg>${SignInButton}</arg>
<doc>Click the element identified by ``locator``.</doc>
<status status="PASS" start="2025-12-04T19:18:09.168551" elapsed="0.784509"/>
</kw>
<kw name="Click Element" owner="SeleniumLibrary">
<msg time="2025-12-04T19:18:09.953798" level="INFO">Clicking element 'xpath=//a[text()='Register Now!']'.</msg>
<arg>${RegisterNow}</arg>
<doc>Click the element identified by ``locator``.</doc>
<status status="PASS" start="2025-12-04T19:18:09.953376" elapsed="0.741093"/>
</kw>
<kw name="Input Text" owner="SeleniumLibrary">
<msg time="2025-12-04T19:18:10.695368" level="INFO">Typing text 'adina_test' into text field 'name=username'.</msg>
<arg>${UserID}</arg>
<arg>${username}</arg>
<doc>Types the given ``text`` into the text field identified by ``locator``.</doc>
<status status="PASS" start="2025-12-04T19:18:10.694788" elapsed="0.768438"/>
</kw>
<kw name="Input Text" owner="SeleniumLibrary">
<msg time="2025-12-04T19:18:11.464555" level="INFO">Typing text '123456' into text field 'name=password'.</msg>
<arg>${NewPassword}</arg>
<arg>${password}</arg>
<doc>Types the given ``text`` into the text field identified by ``locator``.</doc>
<status status="PASS" start="2025-12-04T19:18:11.463703" elapsed="0.751907"/>
</kw>
<kw name="Input Text" owner="SeleniumLibrary">
<msg time="2025-12-04T19:18:12.216457" level="INFO">Typing text '123456' into text field 'name=repeatedPassword'.</msg>
<arg>${RepeatPassword}</arg>
<arg>${password}</arg>
<doc>Types the given ``text`` into the text field identified by ``locator``.</doc>
<status status="PASS" start="2025-12-04T19:18:12.215956" elapsed="0.802713"/>
</kw>
<kw name="Input Text" owner="SeleniumLibrary">
<msg time="2025-12-04T19:18:13.020220" level="INFO">Typing text 'name=account.firstName' into text field 'name=account.firstName'.</msg>
<arg>${FirstName}</arg>
<arg>${firstName}</arg>
<doc>Types the given ``text`` into the text field identified by ``locator``.</doc>
<status status="PASS" start="2025-12-04T19:18:13.019267" elapsed="0.837264"/>
</kw>
<kw name="Input Text" owner="SeleniumLibrary">
<msg time="2025-12-04T19:18:13.858240" level="INFO">Typing text 'name=account.lastName' into text field 'name=account.lastName'.</msg>
<arg>${LastName}</arg>
<arg>${lastName}</arg>
<doc>Types the given ``text`` into the text field identified by ``locator``.</doc>
<status status="PASS" start="2025-12-04T19:18:13.857204" elapsed="0.781472"/>
</kw>
<kw name="Input Text" owner="SeleniumLibrary">
<msg time="2025-12-04T19:18:14.640679" level="INFO">Typing text 'name=account.email' into text field 'name=account.email'.</msg>
<arg>${Email}</arg>
<arg>${email}</arg>
<doc>Types the given ``text`` into the text field identified by ``locator``.</doc>
<status status="PASS" start="2025-12-04T19:18:14.639549" elapsed="0.765255"/>
</kw>
<kw name="Input Text" owner="SeleniumLibrary">
<msg time="2025-12-04T19:18:15.406286" level="INFO">Typing text 'name=account.phone' into text field 'name=account.phone'.</msg>
<arg>${Phone}</arg>
<arg>${phone}</arg>
<doc>Types the given ``text`` into the text field identified by ``locator``.</doc>
<status status="PASS" start="2025-12-04T19:18:15.405498" elapsed="1.177316"/>
</kw>
<kw name="Input Text" owner="SeleniumLibrary">
<msg time="2025-12-04T19:18:16.584933" level="INFO">Typing text 'Astana st 12' into text field 'name=account.address1'.</msg>
<arg>${Address1}</arg>
<arg>${address}</arg>
<doc>Types the given ``text`` into the text field identified by ``locator``.</doc>
<status status="PASS" start="2025-12-04T19:18:16.583816" elapsed="0.741156"/>
</kw>
<kw name="Input Text" owner="SeleniumLibrary">
<msg time="2025-12-04T19:18:17.326932" level="INFO">Typing text 'name=account.city' into text field 'name=account.city'.</msg>
<arg>${City}</arg>
<arg>${city}</arg>
<doc>Types the given ``text`` into the text field identified by ``locator``.</doc>
<status status="PASS" start="2025-12-04T19:18:17.325866" elapsed="0.757504"/>
</kw>
<kw name="Input Text" owner="SeleniumLibrary">
<msg time="2025-12-04T19:18:18.085100" level="INFO">Typing text 'name=account.state' into text field 'name=account.state'.</msg>
<arg>${State}</arg>
<arg>${state}</arg>
<doc>Types the given ``text`` into the text field identified by ``locator``.</doc>
<status status="PASS" start="2025-12-04T19:18:18.084065" elapsed="0.756936"/>
</kw>
<kw name="Input Text" owner="SeleniumLibrary">
<msg time="2025-12-04T19:18:18.842818" level="INFO">Typing text 'name=account.zip' into text field 'name=account.zip'.</msg>
<arg>${Zip}</arg>
<arg>${zip}</arg>
<doc>Types the given ``text`` into the text field identified by ``locator``.</doc>
<status status="PASS" start="2025-12-04T19:18:18.841768" elapsed="0.777791"/>
</kw>
<kw name="Input Text" owner="SeleniumLibrary">
<msg time="2025-12-04T19:18:19.621243" level="INFO">Typing text 'name=account.country' into text field 'name=account.country'.</msg>
<arg>${Country}</arg>
<arg>${country}</arg>
<doc>Types the given ``text`` into the text field identified by ``locator``.</doc>
<status status="PASS" start="2025-12-04T19:18:19.620126" elapsed="0.746607"/>
</kw>
<kw name="Click Button" owner="SeleniumLibrary">
<msg time="2025-12-04T19:18:20.368745" level="INFO">Clicking button 'name=newAccount'.</msg>
<arg>${SaveAccountButton}</arg>
<doc>Clicks the button identified by ``locator``.</doc>
<status status="PASS" start="2025-12-04T19:18:20.367613" elapsed="1.130364"/>
</kw>
<kw name="Sleep" owner="BuiltIn">
<msg time="2025-12-04T19:18:23.500539" level="INFO">Slept 2 seconds.</msg>
<arg>2s</arg>
<doc>Pauses the test executed for the given time.</doc>
<status status="PASS" start="2025-12-04T19:18:21.499113" elapsed="2.001828"/>
</kw>
<kw name="Close Browser" owner="SeleniumLibrary">
<doc>Closes the current browser.</doc>
<status status="PASS" start="2025-12-04T19:18:23.501614" elapsed="1.534928"/>
</kw>
<status status="PASS" start="2025-12-04T19:17:52.169809" elapsed="32.867239"/>
</kw>
<status status="PASS" start="2025-12-04T19:17:52.168905" elapsed="32.868446"/>
</kw>
<kw name="Log In Test" owner="resources">
<kw name="Log In" owner="resources">
<kw name="OpenBrowserStackBrowser" owner="resources">
<kw name="Create Dictionary" owner="BuiltIn">
<msg time="2025-12-04T19:18:25.044070" level="INFO">&amp;{capabilities} = { browserName=Edge | browserVersion=latest | os=Windows | osVersion=11 | name=RobotFrameworkTests (Edge) }</msg>
<var>&amp;{capabilities}</var>
<arg>browserName=${browser}</arg>
<arg>browserVersion=latest</arg>
<arg>os=Windows</arg>
<arg>osVersion=11</arg>
<arg>name=RobotFrameworkTests (${browser})</arg>
<doc>Creates and returns a dictionary based on the given ``items``.</doc>
<status status="PASS" start="2025-12-04T19:18:25.042384" elapsed="0.001882"/>
</kw>
<kw name="Open Browser" owner="SeleniumLibrary">
<msg time="2025-12-04T19:18:25.046470" level="WARN">desired_capabilities has been deprecated and removed. Please use options to configure browsers as per documentation.</msg>
<msg time="2025-12-04T19:18:25.047516" level="INFO">Opening browser 'firefox' to base url 'about:blank' through remote server at 'https://bsuser_49HML6:pV7uy4M3hwKZX6ksKvJt@hub-cloud.browserstack.com/wd/hub'.</msg>
<arg>about:blank</arg>
<arg>remote_url=${REMOTE_URL}</arg>
<arg>desired_capabilities=${capabilities}</arg>
<doc>Opens a new browser instance to the optional ``url``.</doc>
<status status="PASS" start="2025-12-04T19:18:25.045008" elapsed="21.379365"/>
</kw>
<kw name="Maximize Browser Window" owner="SeleniumLibrary">
<doc>Maximizes current browser window.</doc>
<status status="PASS" start="2025-12-04T19:18:46.424654" elapsed="0.556166"/>
</kw>
<arg>${BROWSER}</arg>
<status status="PASS" start="2025-12-04T19:18:25.041043" elapsed="21.939963"/>
</kw>
<kw name="Go To" owner="SeleniumLibrary">
<msg time="2025-12-04T19:18:46.981589" level="INFO">Opening url 'https://petstore.octoperf.com/actions/Catalog.action'</msg>
<arg>${baseUrl}</arg>
<doc>Navigates the current browser window to the provided ``url``.</doc>
<status status="PASS" start="2025-12-04T19:18:46.981224" elapsed="1.372020"/>
</kw>
<kw name="Click Element" owner="SeleniumLibrary">
<msg time="2025-12-04T19:18:48.354721" level="INFO">Clicking element 'xpath=//a[text()='Sign In']'.</msg>
<arg>${SignInButton}</arg>
<doc>Click the element identified by ``locator``.</doc>
<status status="PASS" start="2025-12-04T19:18:48.353831" elapsed="0.904017"/>
</kw>
<kw name="Input Text" owner="SeleniumLibrary">
<msg time="2025-12-04T19:18:49.259868" level="INFO">Typing text 'adina_test' into text field 'name=username'.</msg>
<arg>${LoginUser}</arg>
<arg>${username}</arg>
<doc>Types the given ``text`` into the text field identified by ``locator``.</doc>
<status status="PASS" start="2025-12-04T19:18:49.259112" elapsed="0.874867"/>
</kw>
<kw name="Input Password" owner="SeleniumLibrary">
<msg time="2025-12-04T19:18:50.134764" level="INFO">Typing password into text field 'name=password'.</msg>
<msg time="2025-12-04T19:18:50.656406" level="INFO">Temporally setting log level to: NONE</msg>
<arg>${LoginPassword}</arg>
<arg>${password}</arg>
<doc>Types the given password into the text field identified by ``locator``.</doc>
<status status="PASS" start="2025-12-04T19:18:50.134312" elapsed="0.806739"/>
</kw>
<kw name="Click Button" owner="SeleniumLibrary">
<msg time="2025-12-04T19:18:50.942264" level="INFO">Clicking button 'name=signon'.</msg>
<arg>${LoginButton}</arg>
<doc>Clicks the button identified by ``locator``.</doc>
<status status="PASS" start="2025-12-04T19:18:50.941608" elapsed="1.221585"/>
</kw>
<kw name="Sleep" owner="BuiltIn">
<msg time="2025-12-04T19:18:54.164402" level="INFO">Slept 2 seconds.</msg>
<arg>2s</arg>
<doc>Pauses the test executed for the given time.</doc>
<status status="PASS" start="2025-12-04T19:18:52.163505" elapsed="2.001280"/>
</kw>
<status status="PASS" start="2025-12-04T19:18:25.039503" elapsed="29.125677"/>
</kw>
<status status="PASS" start="2025-12-04T19:18:25.038101" elapsed="29.127346"/>
</kw>
<kw name="Buy Product Test" owner="resources">
<kw name="Log In" owner="resources">
<kw name="OpenBrowserStackBrowser" owner="resources">
<kw name="Create Dictionary" owner="BuiltIn">
<msg time="2025-12-04T19:18:54.171067" level="INFO">&amp;{capabilities} = { browserName=Edge | browserVersion=latest | os=Windows | osVersion=11 | name=RobotFrameworkTests (Edge) }</msg>
<var>&amp;{capabilities}</var>
<arg>browserName=${browser}</arg>
<arg>browserVersion=latest</arg>
<arg>os=Windows</arg>
<arg>osVersion=11</arg>
<arg>name=RobotFrameworkTests (${browser})</arg>
<doc>Creates and returns a dictionary based on the given ``items``.</doc>
<status status="PASS" start="2025-12-04T19:18:54.169640" elapsed="0.001582"/>
</kw>
<kw name="Open Browser" owner="SeleniumLibrary">
<msg time="2025-12-04T19:18:54.172922" level="WARN">desired_capabilities has been deprecated and removed. Please use options to configure browsers as per documentation.</msg>
<msg time="2025-12-04T19:18:54.173836" level="INFO">Opening browser 'firefox' to base url 'about:blank' through remote server at 'https://bsuser_49HML6:pV7uy4M3hwKZX6ksKvJt@hub-cloud.browserstack.com/wd/hub'.</msg>
<arg>about:blank</arg>
<arg>remote_url=${REMOTE_URL}</arg>
<arg>desired_capabilities=${capabilities}</arg>
<doc>Opens a new browser instance to the optional ``url``.</doc>
<status status="PASS" start="2025-12-04T19:18:54.171855" elapsed="28.139713"/>
</kw>
<kw name="Maximize Browser Window" owner="SeleniumLibrary">
<doc>Maximizes current browser window.</doc>
<status status="PASS" start="2025-12-04T19:19:22.312226" elapsed="0.555299"/>
</kw>
<arg>${BROWSER}</arg>
<status status="PASS" start="2025-12-04T19:18:54.168553" elapsed="28.699273"/>
</kw>
<kw name="Go To" owner="SeleniumLibrary">
<msg time="2025-12-04T19:19:22.868715" level="INFO">Opening url 'https://petstore.octoperf.com/actions/Catalog.action'</msg>
<arg>${baseUrl}</arg>
<doc>Navigates the current browser window to the provided ``url``.</doc>
<status status="PASS" start="2025-12-04T19:19:22.868174" elapsed="1.374386"/>
</kw>
<kw name="Click Element" owner="SeleniumLibrary">
<msg time="2025-12-04T19:19:24.244060" level="INFO">Clicking element 'xpath=//a[text()='Sign In']'.</msg>
<arg>${SignInButton}</arg>
<doc>Click the element identified by ``locator``.</doc>
<status status="PASS" start="2025-12-04T19:19:24.243210" elapsed="0.903706"/>
</kw>
<kw name="Input Text" owner="SeleniumLibrary">
<msg time="2025-12-04T19:19:25.148192" level="INFO">Typing text 'adina_test' into text field 'name=username'.</msg>
<arg>${LoginUser}</arg>
<arg>${username}</arg>
<doc>Types the given ``text`` into the text field identified by ``locator``.</doc>
<status status="PASS" start="2025-12-04T19:19:25.147434" elapsed="0.856716"/>
</kw>
<kw name="Input Password" owner="SeleniumLibrary">
<msg time="2025-12-04T19:19:26.005829" level="INFO">Typing password into text field 'name=password'.</msg>
<msg time="2025-12-04T19:19:26.570972" level="INFO">Temporally setting log level to: NONE</msg>
<arg>${LoginPassword}</arg>
<arg>${password}</arg>
<doc>Types the given password into the text field identified by ``locator``.</doc>
<status status="PASS" start="2025-12-04T19:19:26.004863" elapsed="0.836597"/>
</kw>
<kw name="Click Button" owner="SeleniumLibrary">
<msg time="2025-12-04T19:19:26.842634" level="INFO">Clicking button 'name=signon'.</msg>
<arg>${LoginButton}</arg>
<doc>Clicks the button identified by ``locator``.</doc>
<status status="PASS" start="2025-12-04T19:19:26.841917" elapsed="1.184482"/>
</kw>
<kw name="Sleep" owner="BuiltIn">
<msg time="2025-12-04T19:19:30.028591" level="INFO">Slept 2 seconds.</msg>
<arg>2s</arg>
<doc>Pauses the test executed for the given time.</doc>
<status status="PASS" start="2025-12-04T19:19:28.026952" elapsed="2.001950"/>
</kw>
<status status="PASS" start="2025-12-04T19:18:54.167487" elapsed="35.862431"/>
</kw>
<kw name="Buy Product" owner="resources">
<kw name="Click Element" owner="SeleniumLibrary">
<msg time="2025-12-04T19:19:30.036470" level="INFO">Clicking element 'xpath=//a[contains(@href, 'categoryId=FISH')]'.</msg>
<arg>${FishCategory}</arg>
<doc>Click the element identified by ``locator``.</doc>
<status status="PASS" start="2025-12-04T19:19:30.035564" elapsed="0.740320"/>
</kw>
<kw name="Click Element" owner="SeleniumLibrary">
<msg time="2025-12-04T19:19:30.776958" level="INFO">Clicking element 'xpath=//a[text()='FI-SW-01']'.</msg>
<arg>xpath=//a[text()='FI-SW-01']</arg>
<doc>Click the element identified by ``locator``.</doc>
<status status="PASS" start="2025-12-04T19:19:30.776432" elapsed="0.740887"/>
</kw>
<kw name="Click Element" owner="SeleniumLibrary">
<msg time="2025-12-04T19:19:31.518560" level="INFO">Clicking element 'xpath=//a[contains(text(), 'Add to Cart')]'.</msg>
<arg>${AddToCartButton}</arg>
<doc>Click the element identified by ``locator``.</doc>
<status status="PASS" start="2025-12-04T19:19:31.517899" elapsed="0.732938"/>
</kw>
<kw name="Click Element" owner="SeleniumLibrary">
<msg time="2025-12-04T19:19:32.252295" level="INFO">Clicking element 'xpath=//a[text()='Proceed to Checkout']'.</msg>
<arg>${ProceedToCheckout}</arg>
<doc>Click the element identified by ``locator``.</doc>
<status status="PASS" start="2025-12-04T19:19:32.251373" elapsed="0.760449"/>
</kw>
<kw name="Click Button" owner="SeleniumLibrary">
<msg time="2025-12-04T19:19:33.012954" level="INFO">Clicking button 'name=newOrder'.</msg>
<arg>${ConfirmButton}</arg>
<doc>Clicks the button identified by ``locator``.</doc>
<status status="PASS" start="2025-12-04T19:19:33.012290" elapsed="1.031363"/>
</kw>
<kw name="Sleep" owner="BuiltIn">
<msg time="2025-12-04T19:19:36.044855" level="INFO">Slept 2 seconds.</msg>
<arg>2s</arg>
<doc>Pauses the test executed for the given time.</doc>
<status status="PASS" start="2025-12-04T19:19:34.044118" elapsed="2.001029"/>
</kw>
<status status="PASS" start="2025-12-04T19:19:30.031688" elapsed="6.013725"/>
</kw>
<status status="PASS" start="2025-12-04T19:18:54.166178" elapsed="41.879400"/>
</kw>
<kw name="Log Out Test" owner="resources">
<kw name="Log In" owner="resources">
<kw name="OpenBrowserStackBrowser" owner="resources">
<kw name="Create Dictionary" owner="BuiltIn">
<msg time="2025-12-04T19:19:36.049995" level="INFO">&amp;{capabilities} = { browserName=Edge | browserVersion=latest | os=Windows | osVersion=11 | name=RobotFrameworkTests (Edge) }</msg>
<var>&amp;{capabilities}</var>
<arg>browserName=${browser}</arg>
<arg>browserVersion=latest</arg>
<arg>os=Windows</arg>
<arg>osVersion=11</arg>
<arg>name=RobotFrameworkTests (${browser})</arg>
<doc>Creates and returns a dictionary based on the given ``items``.</doc>
<status status="PASS" start="2025-12-04T19:19:36.049012" elapsed="0.001092"/>
</kw>
<kw name="Open Browser" owner="SeleniumLibrary">
<msg time="2025-12-04T19:19:36.051312" level="WARN">desired_capabilities has been deprecated and removed. Please use options to configure browsers as per documentation.</msg>
<msg time="2025-12-04T19:19:36.052417" level="INFO">Opening browser 'firefox' to base url 'about:blank' through remote server at 'https://bsuser_49HML6:pV7uy4M3hwKZX6ksKvJt@hub-cloud.browserstack.com/wd/hub'.</msg>
<arg>about:blank</arg>
<arg>remote_url=${REMOTE_URL}</arg>
<arg>desired_capabilities=${capabilities}</arg>
<doc>Opens a new browser instance to the optional ``url``.</doc>
<status status="PASS" start="2025-12-04T19:19:36.050516" elapsed="31.980041"/>
</kw>
<kw name="Maximize Browser Window" owner="SeleniumLibrary">
<doc>Maximizes current browser window.</doc>
<status status="PASS" start="2025-12-04T19:20:08.031539" elapsed="0.538734"/>
</kw>
<arg>${BROWSER}</arg>
<status status="PASS" start="2025-12-04T19:19:36.048214" elapsed="32.522528"/>
</kw>
<kw name="Go To" owner="SeleniumLibrary">
<msg time="2025-12-04T19:20:08.571814" level="INFO">Opening url 'https://petstore.octoperf.com/actions/Catalog.action'</msg>
<arg>${baseUrl}</arg>
<doc>Navigates the current browser window to the provided ``url``.</doc>
<status status="PASS" start="2025-12-04T19:20:08.571282" elapsed="2.160814"/>
</kw>
<kw name="Click Element" owner="SeleniumLibrary">
<msg time="2025-12-04T19:20:10.733613" level="INFO">Clicking element 'xpath=//a[text()='Sign In']'.</msg>
<arg>${SignInButton}</arg>
<doc>Click the element identified by ``locator``.</doc>
<status status="PASS" start="2025-12-04T19:20:10.732592" elapsed="1.003441"/>
</kw>
<kw name="Input Text" owner="SeleniumLibrary">
<msg time="2025-12-04T19:20:11.737354" level="INFO">Typing text 'adina_test' into text field 'name=username'.</msg>
<arg>${LoginUser}</arg>
<arg>${username}</arg>
<doc>Types the given ``text`` into the text field identified by ``locator``.</doc>
<status status="PASS" start="2025-12-04T19:20:11.736533" elapsed="0.801132"/>
</kw>
<kw name="Input Password" owner="SeleniumLibrary">
<msg time="2025-12-04T19:20:12.539264" level="INFO">Typing password into text field 'name=password'.</msg>
<msg time="2025-12-04T19:20:13.133554" level="INFO">Temporally setting log level to: NONE</msg>
<arg>${LoginPassword}</arg>
<arg>${password}</arg>
<doc>Types the given password into the text field identified by ``locator``.</doc>
<status status="PASS" start="2025-12-04T19:20:12.538244" elapsed="0.850659"/>
</kw>
<kw name="Click Button" owner="SeleniumLibrary">
<msg time="2025-12-04T19:20:13.389743" level="INFO">Clicking button 'name=signon'.</msg>
<arg>${LoginButton}</arg>
<doc>Clicks the button identified by ``locator``.</doc>
<status status="PASS" start="2025-12-04T19:20:13.389278" elapsed="1.548925"/>
</kw>
<kw name="Sleep" owner="BuiltIn">
<msg time="2025-12-04T19:20:16.939511" level="INFO">Slept 2 seconds.</msg>
<arg>2s</arg>
<doc>Pauses the test executed for the given time.</doc>
<status status="PASS" start="2025-12-04T19:20:14.938532" elapsed="2.001252"/>
</kw>
<status status="PASS" start="2025-12-04T19:19:36.047275" elapsed="40.892779"/>
</kw>
<kw name="Log Out" owner="resources">
<kw name="Click Element" owner="SeleniumLibrary">
<msg time="2025-12-04T19:20:16.941452" level="INFO">Clicking element 'xpath=//a[text()='Sign Out']'.</msg>
<arg>${LogOutButton}</arg>
<doc>Click the element identified by ``locator``.</doc>
<status status="PASS" start="2025-12-04T19:20:16.941102" elapsed="0.854464"/>
</kw>
<kw name="Sleep" owner="BuiltIn">
<msg time="2025-12-04T19:20:19.797415" level="INFO">Slept 2 seconds.</msg>
<arg>2s</arg>
<doc>Pauses the test executed for the given time.</doc>
<status status="PASS" start="2025-12-04T19:20:17.796287" elapsed="2.001559"/>
</kw>
<kw name="Close Browser" owner="SeleniumLibrary">
<doc>Closes the current browser.</doc>
<status status="PASS" start="2025-12-04T19:20:19.798324" elapsed="1.820001"/>
</kw>
<status status="PASS" start="2025-12-04T19:20:16.940503" elapsed="4.678156"/>
</kw>
<status status="PASS" start="2025-12-04T19:19:36.046135" elapsed="45.572705"/>
</kw>
<var name="${browser}">Edge</var>
<status status="PASS" start="2025-12-04T19:17:52.166053" elapsed="149.452896"/>
</iter>
<var>${browser}</var>
<value>@{BROWSERS}</value>
<status status="PASS" start="2025-12-04T19:13:07.204566" elapsed="434.414663"/>
</for>
<status status="PASS" start="2025-12-04T19:13:07.201979" elapsed="434.418501"/>
</test>
<status status="PASS" start="2025-12-04T19:13:05.003280" elapsed="436.620616"/>
</suite>
<statistics>
<total>
<stat pass="1" fail="0" skip="0">All Tests</stat>
</total>
<tag>
</tag>
<suite>
<stat name="Test" id="s1" pass="1" fail="0" skip="0">Test</stat>
</suite>
</statistics>
<errors>
<msg time="2025-12-04T19:13:07.227883" level="WARN">desired_capabilities has been deprecated and removed. Please use options to configure browsers as per documentation.</msg>
<msg time="2025-12-04T19:14:03.251459" level="WARN">desired_capabilities has been deprecated and removed. Please use options to configure browsers as per documentation.</msg>
<msg time="2025-12-04T19:14:28.066153" level="WARN">desired_capabilities has been deprecated and removed. Please use options to configure browsers as per documentation.</msg>
<msg time="2025-12-04T19:15:12.911473" level="WARN">desired_capabilities has been deprecated and removed. Please use options to configure browsers as per documentation.</msg>
<msg time="2025-12-04T19:15:44.589317" level="WARN">desired_capabilities has been deprecated and removed. Please use options to configure browsers as per documentation.</msg>
<msg time="2025-12-04T19:16:22.615250" level="WARN">desired_capabilities has been deprecated and removed. Please use options to configure browsers as per documentation.</msg>
<msg time="2025-12-04T19:16:51.497889" level="WARN">desired_capabilities has been deprecated and removed. Please use options to configure browsers as per documentation.</msg>
<msg time="2025-12-04T19:17:19.706835" level="WARN">desired_capabilities has been deprecated and removed. Please use options to configure browsers as per documentation.</msg>
<msg time="2025-12-04T19:17:52.175840" level="WARN">desired_capabilities has been deprecated and removed. Please use options to configure browsers as per documentation.</msg>
<msg time="2025-12-04T19:18:25.046470" level="WARN">desired_capabilities has been deprecated and removed. Please use options to configure browsers as per documentation.</msg>
<msg time="2025-12-04T19:18:54.172922" level="WARN">desired_capabilities has been deprecated and removed. Please use options to configure browsers as per documentation.</msg>
<msg time="2025-12-04T19:19:36.051312" level="WARN">desired_capabilities has been deprecated and removed. Please use options to configure browsers as per documentation.</msg>
</errors>
</robot>
